<?xml version="1.0" encoding="UTF-8"?>
<testsuite name="ynzmz.server.teacher.controller.TeacherControllerTest" tests="6" skipped="0" failures="0" errors="0" timestamp="2023-03-16T06:37:42" hostname="gimminhoui-MacBookPro.local" time="0.11">
  <properties/>
  <testcase name="강사 전체 조회" classname="ynzmz.server.teacher.controller.TeacherControllerTest" time="0.018"/>
  <testcase name="강사 삭제" classname="ynzmz.server.teacher.controller.TeacherControllerTest" time="0.004"/>
  <testcase name="강사 등록 테스트" classname="ynzmz.server.teacher.controller.TeacherControllerTest" time="0.01"/>
  <testcase name="강사 디테일 페이지 조회" classname="ynzmz.server.teacher.controller.TeacherControllerTest" time="0.018"/>
  <testcase name="강사 정보 수정 테스트" classname="ynzmz.server.teacher.controller.TeacherControllerTest" time="0.012"/>
  <testcase name="강사 리뷰 디테일 페이지 조회" classname="ynzmz.server.teacher.controller.TeacherControllerTest" time="0.046"/>
  <system-out><![CDATA[2023-03-16 15:37:42.729  INFO 16513 --- [    Test worker] .b.t.a.w.s.WebMvcTestContextBootstrapper : Neither @ContextConfiguration nor @ContextHierarchy found for test class [ynzmz.server.teacher.controller.TeacherControllerTest], using SpringBootContextLoader
2023-03-16 15:37:42.729  INFO 16513 --- [    Test worker] o.s.t.c.support.AbstractContextLoader    : Could not detect default resource locations for test class [ynzmz.server.teacher.controller.TeacherControllerTest]: no resource found for suffixes {-context.xml, Context.groovy}.
2023-03-16 15:37:42.730  INFO 16513 --- [    Test worker] t.c.s.AnnotationConfigContextLoaderUtils : Could not detect default configuration classes for test class [ynzmz.server.teacher.controller.TeacherControllerTest]: TeacherControllerTest does not declare any static, non-private, non-final, nested classes annotated with @Configuration.
2023-03-16 15:37:42.737  INFO 16513 --- [    Test worker] .b.t.c.SpringBootTestContextBootstrapper : Found @SpringBootConfiguration ynzmz.server.ServerApplication for test class ynzmz.server.teacher.controller.TeacherControllerTest
2023-03-16 15:37:42.738  INFO 16513 --- [    Test worker] .b.t.a.w.s.WebMvcTestContextBootstrapper : Loaded default TestExecutionListener class names from location [META-INF/spring.factories]: [org.springframework.security.test.context.support.WithSecurityContextTestExecutionListener, org.springframework.security.test.context.support.ReactorContextTestExecutionListener, org.springframework.boot.test.autoconfigure.restdocs.RestDocsTestExecutionListener, org.springframework.boot.test.autoconfigure.web.client.MockRestServiceServerResetTestExecutionListener, org.springframework.boot.test.autoconfigure.web.servlet.MockMvcPrintOnlyOnFailureTestExecutionListener, org.springframework.boot.test.autoconfigure.web.servlet.WebDriverTestExecutionListener, org.springframework.boot.test.autoconfigure.webservices.client.MockWebServiceServerTestExecutionListener, org.springframework.boot.test.mock.mockito.MockitoTestExecutionListener, org.springframework.boot.test.mock.mockito.ResetMocksTestExecutionListener, org.springframework.test.context.web.ServletTestExecutionListener, org.springframework.test.context.support.DirtiesContextBeforeModesTestExecutionListener, org.springframework.test.context.event.ApplicationEventsTestExecutionListener, org.springframework.test.context.support.DependencyInjectionTestExecutionListener, org.springframework.test.context.support.DirtiesContextTestExecutionListener, org.springframework.test.context.transaction.TransactionalTestExecutionListener, org.springframework.test.context.jdbc.SqlScriptsTestExecutionListener, org.springframework.test.context.event.EventPublishingTestExecutionListener]
2023-03-16 15:37:42.738  INFO 16513 --- [    Test worker] .b.t.a.w.s.WebMvcTestContextBootstrapper : Using TestExecutionListeners: [org.springframework.test.context.web.ServletTestExecutionListener@72ce2982, org.springframework.test.context.support.DirtiesContextBeforeModesTestExecutionListener@4d5399f4, org.springframework.test.context.event.ApplicationEventsTestExecutionListener@1490b1a4, org.springframework.boot.test.mock.mockito.MockitoTestExecutionListener@28908c04, org.springframework.boot.test.autoconfigure.SpringBootDependencyInjectionTestExecutionListener@2b9132ad, org.springframework.test.context.support.DirtiesContextTestExecutionListener@7adc8212, org.springframework.test.context.transaction.TransactionalTestExecutionListener@6b50017c, org.springframework.test.context.jdbc.SqlScriptsTestExecutionListener@470c40be, org.springframework.security.test.context.support.WithSecurityContextTestExecutionListener@652a16a8, org.springframework.test.context.event.EventPublishingTestExecutionListener@7b78c40d, org.springframework.security.test.context.support.ReactorContextTestExecutionListener@104861ff, org.springframework.boot.test.autoconfigure.restdocs.RestDocsTestExecutionListener@3564caf8, org.springframework.boot.test.autoconfigure.web.client.MockRestServiceServerResetTestExecutionListener@ce15aa, org.springframework.boot.test.autoconfigure.web.servlet.MockMvcPrintOnlyOnFailureTestExecutionListener@3dabf112, org.springframework.boot.test.autoconfigure.web.servlet.WebDriverTestExecutionListener@6e3f38c1, org.springframework.boot.test.autoconfigure.webservices.client.MockWebServiceServerTestExecutionListener@7d9f0cf4, org.springframework.boot.test.mock.mockito.ResetMocksTestExecutionListener@d0c35a8]

  .   ____          _            __ _ _
 /\\ / ___'_ __ _ _(_)_ __  __ _ \ \ \ \
( ( )\___ | '_ | '_| | '_ \/ _` | \ \ \ \
 \\/  ___)| |_)| | | | | || (_| |  ) ) ) )
  '  |____| .__|_| |_|_| |_\__, | / / / /
 =========|_|==============|___/=/_/_/_/
 :: Spring Boot ::                (v2.7.9)

2023-03-16 15:37:42.748  INFO 16513 --- [    Test worker] y.s.t.controller.TeacherControllerTest   : Starting TeacherControllerTest using Java 11.0.17 on gimminhoui-MacBookPro.local with PID 16513 (started by mino in /Users/mino/codestates/fork_seb42_main_027/server)
2023-03-16 15:37:42.748  INFO 16513 --- [    Test worker] y.s.t.controller.TeacherControllerTest   : The following 1 profile is active: "server"
2023-03-16 15:37:42.909  WARN 16513 --- [    Test worker] .s.s.UserDetailsServiceAutoConfiguration : 

Using generated security password: 8361edf9-2069-40c9-bcd7-2b6aecb1f812

This generated password is for development use only. Your security configuration must be updated before running your application in production.

2023-03-16 15:37:42.923  INFO 16513 --- [    Test worker] o.s.s.web.DefaultSecurityFilterChain     : Will secure any request with [org.springframework.security.web.session.DisableEncodeUrlFilter@6ced9545, org.springframework.security.web.context.request.async.WebAsyncManagerIntegrationFilter@3adb46b5, org.springframework.security.web.context.SecurityContextPersistenceFilter@7065ae93, org.springframework.security.web.header.HeaderWriterFilter@7dc155b3, org.springframework.security.web.authentication.logout.LogoutFilter@10d1f6da, org.springframework.security.web.savedrequest.RequestCacheAwareFilter@30c98124, org.springframework.security.web.servletapi.SecurityContextHolderAwareRequestFilter@47523643, org.springframework.security.web.authentication.AnonymousAuthenticationFilter@1923a29a, org.springframework.security.web.session.SessionManagementFilter@725f1346, org.springframework.security.web.access.ExceptionTranslationFilter@5f83fdf6]
2023-03-16 15:37:42.937  INFO 16513 --- [    Test worker] o.s.b.t.m.w.SpringBootMockServletContext : Initializing Spring TestDispatcherServlet ''
2023-03-16 15:37:42.937  INFO 16513 --- [    Test worker] o.s.t.web.servlet.TestDispatcherServlet  : Initializing Servlet ''
2023-03-16 15:37:42.937  INFO 16513 --- [    Test worker] o.s.t.web.servlet.TestDispatcherServlet  : Completed initialization in 0 ms
2023-03-16 15:37:42.941  INFO 16513 --- [    Test worker] y.s.t.controller.TeacherControllerTest   : Started TeacherControllerTest in 0.202 seconds (JVM running for 7.51)
2023-03-16 15:37:42.969  INFO 16513 --- [    Test worker] y.s.t.controller.TeacherController       : [고1, 고2, 고3, 예비고1, 예비고2, 예비고3, 고1, 고2, 고3, 예비고1, 예비고2, 예비고3, 고1, 고2, 고3, 예비고1, 예비고2, 예비고3, 고1, 고2, 고3, 예비고1, 예비고2, 예비고3]
]]></system-out>
  <system-err><![CDATA[]]></system-err>
</testsuite>
