<?xml version="1.0" encoding="UTF-8"?>
<testsuite name="ynzmz.server.teacher.controller.TeacherControllerTest" tests="6" skipped="0" failures="1" errors="0" timestamp="2023-03-17T02:22:41" hostname="gimminhoui-MacBookPro.local" time="0.102">
  <properties/>
  <testcase name="강사 전체 조회" classname="ynzmz.server.teacher.controller.TeacherControllerTest" time="0.022"/>
  <testcase name="강사 삭제" classname="ynzmz.server.teacher.controller.TeacherControllerTest" time="0.005"/>
  <testcase name="강사 등록 테스트" classname="ynzmz.server.teacher.controller.TeacherControllerTest" time="0.011"/>
  <testcase name="강사 디테일 페이지 조회" classname="ynzmz.server.teacher.controller.TeacherControllerTest" time="0.017"/>
  <testcase name="강사 정보 수정 테스트" classname="ynzmz.server.teacher.controller.TeacherControllerTest" time="0.009"/>
  <testcase name="강사 리뷰 디테일 페이지 조회" classname="ynzmz.server.teacher.controller.TeacherControllerTest" time="0.035">
    <failure message="org.springframework.restdocs.snippet.SnippetException: The following parts of the payload were not documented:&#10;{&#10;  &quot;data&quot; : {&#10;    &quot;lectures&quot; : [ {&#10;      &quot;lectureReviews&quot; : [ {&#10;        &quot;member&quot; : {&#10;          &quot;questions&quot; : [ ],&#10;          &quot;answers&quot; : [ ],&#10;          &quot;questionVotes&quot; : [ ],&#10;          &quot;answerVotes&quot; : [ ]&#10;        }&#10;      }, {&#10;        &quot;member&quot; : {&#10;          &quot;questions&quot; : [ ],&#10;          &quot;answers&quot; : [ ],&#10;          &quot;questionVotes&quot; : [ ],&#10;          &quot;answerVotes&quot; : [ ]&#10;        }&#10;      }, {&#10;        &quot;member&quot; : {&#10;          &quot;questions&quot; : [ ],&#10;          &quot;answers&quot; : [ ],&#10;          &quot;questionVotes&quot; : [ ],&#10;          &quot;answerVotes&quot; : [ ]&#10;        }&#10;      }, {&#10;        &quot;member&quot; : {&#10;          &quot;questions&quot; : [ ],&#10;          &quot;answers&quot; : [ ],&#10;          &quot;questionVotes&quot; : [ ],&#10;          &quot;answerVotes&quot; : [ ]&#10;        }&#10;      }, {&#10;        &quot;member&quot; : {&#10;          &quot;questions&quot; : [ ],&#10;          &quot;answers&quot; : [ ],&#10;          &quot;questionVotes&quot; : [ ],&#10;          &quot;answerVotes&quot; : [ ]&#10;        }&#10;      }, {&#10;        &quot;member&quot; : {&#10;          &quot;questions&quot; : [ ],&#10;          &quot;answers&quot; : [ ],&#10;          &quot;questionVotes&quot; : [ ],&#10;          &quot;answerVotes&quot; : [ ]&#10;        }&#10;      }, {&#10;        &quot;member&quot; : {&#10;          &quot;questions&quot; : [ ],&#10;          &quot;answers&quot; : [ ],&#10;          &quot;questionVotes&quot; : [ ],&#10;          &quot;answerVotes&quot; : [ ]&#10;        }&#10;      }, {&#10;        &quot;member&quot; : {&#10;          &quot;questions&quot; : [ ],&#10;          &quot;answers&quot; : [ ],&#10;          &quot;questionVotes&quot; : [ ],&#10;          &quot;answerVotes&quot; : [ ]&#10;        }&#10;      } ]&#10;    }, {&#10;      &quot;lectureReviews&quot; : [ {&#10;        &quot;member&quot; : {&#10;          &quot;questions&quot; : [ ],&#10;          &quot;answers&quot; : [ ],&#10;          &quot;questionVotes&quot; : [ ],&#10;          &quot;answerVotes&quot; : [ ]&#10;        }&#10;      }, {&#10;        &quot;member&quot; : {&#10;          &quot;questions&quot; : [ ],&#10;          &quot;answers&quot; : [ ],&#10;          &quot;questionVotes&quot; : [ ],&#10;          &quot;answerVotes&quot; : [ ]&#10;        }&#10;      }, {&#10;        &quot;member&quot; : {&#10;          &quot;questions&quot; : [ ],&#10;          &quot;answers&quot; : [ ],&#10;          &quot;questionVotes&quot; : [ ],&#10;          &quot;answerVotes&quot; : [ ]&#10;        }&#10;      }, {&#10;        &quot;member&quot; : {&#10;          &quot;questions&quot; : [ ],&#10;          &quot;answers&quot; : [ ],&#10;          &quot;questionVotes&quot; : [ ],&#10;          &quot;answerVotes&quot; : [ ]&#10;        }&#10;      }, {&#10;        &quot;member&quot; : {&#10;          &quot;questions&quot; : [ ],&#10;          &quot;answers&quot; : [ ],&#10;          &quot;questionVotes&quot; : [ ],&#10;          &quot;answerVotes&quot; : [ ]&#10;        }&#10;      }, {&#10;        &quot;member&quot; : {&#10;          &quot;questions&quot; : [ ],&#10;          &quot;answers&quot; : [ ],&#10;          &quot;questionVotes&quot; : [ ],&#10;          &quot;answerVotes&quot; : [ ]&#10;        }&#10;      }, {&#10;        &quot;member&quot; : {&#10;          &quot;questions&quot; : [ ],&#10;          &quot;answers&quot; : [ ],&#10;          &quot;questionVotes&quot; : [ ],&#10;          &quot;answerVotes&quot; : [ ]&#10;        }&#10;      }, {&#10;        &quot;member&quot; : {&#10;          &quot;questions&quot; : [ ],&#10;          &quot;answers&quot; : [ ],&#10;          &quot;questionVotes&quot; : [ ],&#10;          &quot;answerVotes&quot; : [ ]&#10;        }&#10;      } ]&#10;    }, {&#10;      &quot;lectureReviews&quot; : [ {&#10;        &quot;member&quot; : {&#10;          &quot;questions&quot; : [ ],&#10;          &quot;answers&quot; : [ ],&#10;          &quot;questionVotes&quot; : [ ],&#10;          &quot;answerVotes&quot; : [ ]&#10;        }&#10;      }, {&#10;        &quot;member&quot; : {&#10;          &quot;questions&quot; : [ ],&#10;          &quot;answers&quot; : [ ],&#10;          &quot;questionVotes&quot; : [ ],&#10;          &quot;answerVotes&quot; : [ ]&#10;        }&#10;      }, {&#10;        &quot;member&quot; : {&#10;          &quot;questions&quot; : [ ],&#10;          &quot;answers&quot; : [ ],&#10;          &quot;questionVotes&quot; : [ ],&#10;          &quot;answerVotes&quot; : [ ]&#10;        }&#10;      }, {&#10;        &quot;member&quot; : {&#10;          &quot;questions&quot; : [ ],&#10;          &quot;answers&quot; : [ ],&#10;          &quot;questionVotes&quot; : [ ],&#10;          &quot;answerVotes&quot; : [ ]&#10;        }&#10;      }, {&#10;        &quot;member&quot; : {&#10;          &quot;questions&quot; : [ ],&#10;          &quot;answers&quot; : [ ],&#10;          &quot;questionVotes&quot; : [ ],&#10;          &quot;answerVotes&quot; : [ ]&#10;        }&#10;      }, {&#10;        &quot;member&quot; : {&#10;          &quot;questions&quot; : [ ],&#10;          &quot;answers&quot; : [ ],&#10;          &quot;questionVotes&quot; : [ ],&#10;          &quot;answerVotes&quot; : [ ]&#10;        }&#10;      }, {&#10;        &quot;member&quot; : {&#10;          &quot;questions&quot; : [ ],&#10;          &quot;answers&quot; : [ ],&#10;          &quot;questionVotes&quot; : [ ],&#10;          &quot;answerVotes&quot; : [ ]&#10;        }&#10;      }, {&#10;        &quot;member&quot; : {&#10;          &quot;questions&quot; : [ ],&#10;          &quot;answers&quot; : [ ],&#10;          &quot;questionVotes&quot; : [ ],&#10;          &quot;answerVotes&quot; : [ ]&#10;        }&#10;      } ]&#10;    }, {&#10;      &quot;lectureReviews&quot; : [ {&#10;        &quot;member&quot; : {&#10;          &quot;questions&quot; : [ ],&#10;          &quot;answers&quot; : [ ],&#10;          &quot;questionVotes&quot; : [ ],&#10;          &quot;answerVotes&quot; : [ ]&#10;        }&#10;      }, {&#10;        &quot;member&quot; : {&#10;          &quot;questions&quot; : [ ],&#10;          &quot;answers&quot; : [ ],&#10;          &quot;questionVotes&quot; : [ ],&#10;          &quot;answerVotes&quot; : [ ]&#10;        }&#10;      }, {&#10;        &quot;member&quot; : {&#10;          &quot;questions&quot; : [ ],&#10;          &quot;answers&quot; : [ ],&#10;          &quot;questionVotes&quot; : [ ],&#10;          &quot;answerVotes&quot; : [ ]&#10;        }&#10;      }, {&#10;        &quot;member&quot; : {&#10;          &quot;questions&quot; : [ ],&#10;          &quot;answers&quot; : [ ],&#10;          &quot;questionVotes&quot; : [ ],&#10;          &quot;answerVotes&quot; : [ ]&#10;        }&#10;      }, {&#10;        &quot;member&quot; : {&#10;          &quot;questions&quot; : [ ],&#10;          &quot;answers&quot; : [ ],&#10;          &quot;questionVotes&quot; : [ ],&#10;          &quot;answerVotes&quot; : [ ]&#10;        }&#10;      }, {&#10;        &quot;member&quot; : {&#10;          &quot;questions&quot; : [ ],&#10;          &quot;answers&quot; : [ ],&#10;          &quot;questionVotes&quot; : [ ],&#10;          &quot;answerVotes&quot; : [ ]&#10;        }&#10;      }, {&#10;        &quot;member&quot; : {&#10;          &quot;questions&quot; : [ ],&#10;          &quot;answers&quot; : [ ],&#10;          &quot;questionVotes&quot; : [ ],&#10;          &quot;answerVotes&quot; : [ ]&#10;        }&#10;      }, {&#10;        &quot;member&quot; : {&#10;          &quot;questions&quot; : [ ],&#10;          &quot;answers&quot; : [ ],&#10;          &quot;questionVotes&quot; : [ ],&#10;          &quot;answerVotes&quot; : [ ]&#10;        }&#10;      } ]&#10;    }, {&#10;      &quot;lectureReviews&quot; : [ {&#10;        &quot;member&quot; : {&#10;          &quot;questions&quot; : [ ],&#10;          &quot;answers&quot; : [ ],&#10;          &quot;questionVotes&quot; : [ ],&#10;          &quot;answerVotes&quot; : [ ]&#10;        }&#10;      }, {&#10;        &quot;member&quot; : {&#10;          &quot;questions&quot; : [ ],&#10;          &quot;answers&quot; : [ ],&#10;          &quot;questionVotes&quot; : [ ],&#10;          &quot;answerVotes&quot; : [ ]&#10;        }&#10;      }, {&#10;        &quot;member&quot; : {&#10;          &quot;questions&quot; : [ ],&#10;          &quot;answers&quot; : [ ],&#10;          &quot;questionVotes&quot; : [ ],&#10;          &quot;answerVotes&quot; : [ ]&#10;        }&#10;      }, {&#10;        &quot;member&quot; : {&#10;          &quot;questions&quot; : [ ],&#10;          &quot;answers&quot; : [ ],&#10;          &quot;questionVotes&quot; : [ ],&#10;          &quot;answerVotes&quot; : [ ]&#10;        }&#10;      }, {&#10;        &quot;member&quot; : {&#10;          &quot;questions&quot; : [ ],&#10;          &quot;answers&quot; : [ ],&#10;          &quot;questionVotes&quot; : [ ],&#10;          &quot;answerVotes&quot; : [ ]&#10;        }&#10;      }, {&#10;        &quot;member&quot; : {&#10;          &quot;questions&quot; : [ ],&#10;          &quot;answers&quot; : [ ],&#10;          &quot;questionVotes&quot; : [ ],&#10;          &quot;answerVotes&quot; : [ ]&#10;        }&#10;      }, {&#10;        &quot;member&quot; : {&#10;          &quot;questions&quot; : [ ],&#10;          &quot;answers&quot; : [ ],&#10;          &quot;questionVotes&quot; : [ ],&#10;          &quot;answerVotes&quot; : [ ]&#10;        }&#10;      }, {&#10;        &quot;member&quot; : {&#10;          &quot;questions&quot; : [ ],&#10;          &quot;answers&quot; : [ ],&#10;          &quot;questionVotes&quot; : [ ],&#10;          &quot;answerVotes&quot; : [ ]&#10;        }&#10;      } ]&#10;    }, {&#10;      &quot;lectureReviews&quot; : [ {&#10;        &quot;member&quot; : {&#10;          &quot;questions&quot; : [ ],&#10;          &quot;answers&quot; : [ ],&#10;          &quot;questionVotes&quot; : [ ],&#10;          &quot;answerVotes&quot; : [ ]&#10;        }&#10;      }, {&#10;        &quot;member&quot; : {&#10;          &quot;questions&quot; : [ ],&#10;          &quot;answers&quot; : [ ],&#10;          &quot;questionVotes&quot; : [ ],&#10;          &quot;answerVotes&quot; : [ ]&#10;        }&#10;      }, {&#10;        &quot;member&quot; : {&#10;          &quot;questions&quot; : [ ],&#10;          &quot;answers&quot; : [ ],&#10;          &quot;questionVotes&quot; : [ ],&#10;          &quot;answerVotes&quot; : [ ]&#10;        }&#10;      }, {&#10;        &quot;member&quot; : {&#10;          &quot;questions&quot; : [ ],&#10;          &quot;answers&quot; : [ ],&#10;          &quot;questionVotes&quot; : [ ],&#10;          &quot;answerVotes&quot; : [ ]&#10;        }&#10;      }, {&#10;        &quot;member&quot; : {&#10;          &quot;questions&quot; : [ ],&#10;          &quot;answers&quot; : [ ],&#10;          &quot;questionVotes&quot; : [ ],&#10;          &quot;answerVotes&quot; : [ ]&#10;        }&#10;      }, {&#10;        &quot;member&quot; : {&#10;          &quot;questions&quot; : [ ],&#10;          &quot;answers&quot; : [ ],&#10;          &quot;questionVotes&quot; : [ ],&#10;          &quot;answerVotes&quot; : [ ]&#10;        }&#10;      }, {&#10;        &quot;member&quot; : {&#10;          &quot;questions&quot; : [ ],&#10;          &quot;answers&quot; : [ ],&#10;          &quot;questionVotes&quot; : [ ],&#10;          &quot;answerVotes&quot; : [ ]&#10;        }&#10;      }, {&#10;        &quot;member&quot; : {&#10;          &quot;questions&quot; : [ ],&#10;          &quot;answers&quot; : [ ],&#10;          &quot;questionVotes&quot; : [ ],&#10;          &quot;answerVotes&quot; : [ ]&#10;        }&#10;      } ]&#10;    }, {&#10;      &quot;lectureReviews&quot; : [ {&#10;        &quot;member&quot; : {&#10;          &quot;questions&quot; : [ ],&#10;          &quot;answers&quot; : [ ],&#10;          &quot;questionVotes&quot; : [ ],&#10;          &quot;answerVotes&quot; : [ ]&#10;        }&#10;      }, {&#10;        &quot;member&quot; : {&#10;          &quot;questions&quot; : [ ],&#10;          &quot;answers&quot; : [ ],&#10;          &quot;questionVotes&quot; : [ ],&#10;          &quot;answerVotes&quot; : [ ]&#10;        }&#10;      }, {&#10;        &quot;member&quot; : {&#10;          &quot;questions&quot; : [ ],&#10;          &quot;answers&quot; : [ ],&#10;          &quot;questionVotes&quot; : [ ],&#10;          &quot;answerVotes&quot; : [ ]&#10;        }&#10;      }, {&#10;        &quot;member&quot; : {&#10;          &quot;questions&quot; : [ ],&#10;          &quot;answers&quot; : [ ],&#10;          &quot;questionVotes&quot; : [ ],&#10;          &quot;answerVotes&quot; : [ ]&#10;        }&#10;      }, {&#10;        &quot;member&quot; : {&#10;          &quot;questions&quot; : [ ],&#10;          &quot;answers&quot; : [ ],&#10;          &quot;questionVotes&quot; : [ ],&#10;          &quot;answerVotes&quot; : [ ]&#10;        }&#10;      }, {&#10;        &quot;member&quot; : {&#10;          &quot;questions&quot; : [ ],&#10;          &quot;answers&quot; : [ ],&#10;          &quot;questionVotes&quot; : [ ],&#10;          &quot;answerVotes&quot; : [ ]&#10;        }&#10;      }, {&#10;        &quot;member&quot; : {&#10;          &quot;questions&quot; : [ ],&#10;          &quot;answers&quot; : [ ],&#10;          &quot;questionVotes&quot; : [ ],&#10;          &quot;answerVotes&quot; : [ ]&#10;        }&#10;      }, {&#10;        &quot;member&quot; : {&#10;          &quot;questions&quot; : [ ],&#10;          &quot;answers&quot; : [ ],&#10;          &quot;questionVotes&quot; : [ ],&#10;          &quot;answerVotes&quot; : [ ]&#10;        }&#10;      } ]&#10;    }, {&#10;      &quot;lectureReviews&quot; : [ {&#10;        &quot;member&quot; : {&#10;          &quot;questions&quot; : [ ],&#10;          &quot;answers&quot; : [ ],&#10;          &quot;questionVotes&quot; : [ ],&#10;          &quot;answerVotes&quot; : [ ]&#10;        }&#10;      }, {&#10;        &quot;member&quot; : {&#10;          &quot;questions&quot; : [ ],&#10;          &quot;answers&quot; : [ ],&#10;          &quot;questionVotes&quot; : [ ],&#10;          &quot;answerVotes&quot; : [ ]&#10;        }&#10;      }, {&#10;        &quot;member&quot; : {&#10;          &quot;questions&quot; : [ ],&#10;          &quot;answers&quot; : [ ],&#10;          &quot;questionVotes&quot; : [ ],&#10;          &quot;answerVotes&quot; : [ ]&#10;        }&#10;      }, {&#10;        &quot;member&quot; : {&#10;          &quot;questions&quot; : [ ],&#10;          &quot;answers&quot; : [ ],&#10;          &quot;questionVotes&quot; : [ ],&#10;          &quot;answerVotes&quot; : [ ]&#10;        }&#10;      }, {&#10;        &quot;member&quot; : {&#10;          &quot;questions&quot; : [ ],&#10;          &quot;answers&quot; : [ ],&#10;          &quot;questionVotes&quot; : [ ],&#10;          &quot;answerVotes&quot; : [ ]&#10;        }&#10;      }, {&#10;        &quot;member&quot; : {&#10;          &quot;questions&quot; : [ ],&#10;          &quot;answers&quot; : [ ],&#10;          &quot;questionVotes&quot; : [ ],&#10;          &quot;answerVotes&quot; : [ ]&#10;        }&#10;      }, {&#10;        &quot;member&quot; : {&#10;          &quot;questions&quot; : [ ],&#10;          &quot;answers&quot; : [ ],&#10;          &quot;questionVotes&quot; : [ ],&#10;          &quot;answerVotes&quot; : [ ]&#10;        }&#10;      }, {&#10;        &quot;member&quot; : {&#10;          &quot;questions&quot; : [ ],&#10;          &quot;answers&quot; : [ ],&#10;          &quot;questionVotes&quot; : [ ],&#10;          &quot;answerVotes&quot; : [ ]&#10;        }&#10;      } ]&#10;    } ]&#10;  }&#10;}" type="org.springframework.restdocs.snippet.SnippetException">org.springframework.restdocs.snippet.SnippetException: The following parts of the payload were not documented:
{
  &quot;data&quot; : {
    &quot;lectures&quot; : [ {
      &quot;lectureReviews&quot; : [ {
        &quot;member&quot; : {
          &quot;questions&quot; : [ ],
          &quot;answers&quot; : [ ],
          &quot;questionVotes&quot; : [ ],
          &quot;answerVotes&quot; : [ ]
        }
      }, {
        &quot;member&quot; : {
          &quot;questions&quot; : [ ],
          &quot;answers&quot; : [ ],
          &quot;questionVotes&quot; : [ ],
          &quot;answerVotes&quot; : [ ]
        }
      }, {
        &quot;member&quot; : {
          &quot;questions&quot; : [ ],
          &quot;answers&quot; : [ ],
          &quot;questionVotes&quot; : [ ],
          &quot;answerVotes&quot; : [ ]
        }
      }, {
        &quot;member&quot; : {
          &quot;questions&quot; : [ ],
          &quot;answers&quot; : [ ],
          &quot;questionVotes&quot; : [ ],
          &quot;answerVotes&quot; : [ ]
        }
      }, {
        &quot;member&quot; : {
          &quot;questions&quot; : [ ],
          &quot;answers&quot; : [ ],
          &quot;questionVotes&quot; : [ ],
          &quot;answerVotes&quot; : [ ]
        }
      }, {
        &quot;member&quot; : {
          &quot;questions&quot; : [ ],
          &quot;answers&quot; : [ ],
          &quot;questionVotes&quot; : [ ],
          &quot;answerVotes&quot; : [ ]
        }
      }, {
        &quot;member&quot; : {
          &quot;questions&quot; : [ ],
          &quot;answers&quot; : [ ],
          &quot;questionVotes&quot; : [ ],
          &quot;answerVotes&quot; : [ ]
        }
      }, {
        &quot;member&quot; : {
          &quot;questions&quot; : [ ],
          &quot;answers&quot; : [ ],
          &quot;questionVotes&quot; : [ ],
          &quot;answerVotes&quot; : [ ]
        }
      } ]
    }, {
      &quot;lectureReviews&quot; : [ {
        &quot;member&quot; : {
          &quot;questions&quot; : [ ],
          &quot;answers&quot; : [ ],
          &quot;questionVotes&quot; : [ ],
          &quot;answerVotes&quot; : [ ]
        }
      }, {
        &quot;member&quot; : {
          &quot;questions&quot; : [ ],
          &quot;answers&quot; : [ ],
          &quot;questionVotes&quot; : [ ],
          &quot;answerVotes&quot; : [ ]
        }
      }, {
        &quot;member&quot; : {
          &quot;questions&quot; : [ ],
          &quot;answers&quot; : [ ],
          &quot;questionVotes&quot; : [ ],
          &quot;answerVotes&quot; : [ ]
        }
      }, {
        &quot;member&quot; : {
          &quot;questions&quot; : [ ],
          &quot;answers&quot; : [ ],
          &quot;questionVotes&quot; : [ ],
          &quot;answerVotes&quot; : [ ]
        }
      }, {
        &quot;member&quot; : {
          &quot;questions&quot; : [ ],
          &quot;answers&quot; : [ ],
          &quot;questionVotes&quot; : [ ],
          &quot;answerVotes&quot; : [ ]
        }
      }, {
        &quot;member&quot; : {
          &quot;questions&quot; : [ ],
          &quot;answers&quot; : [ ],
          &quot;questionVotes&quot; : [ ],
          &quot;answerVotes&quot; : [ ]
        }
      }, {
        &quot;member&quot; : {
          &quot;questions&quot; : [ ],
          &quot;answers&quot; : [ ],
          &quot;questionVotes&quot; : [ ],
          &quot;answerVotes&quot; : [ ]
        }
      }, {
        &quot;member&quot; : {
          &quot;questions&quot; : [ ],
          &quot;answers&quot; : [ ],
          &quot;questionVotes&quot; : [ ],
          &quot;answerVotes&quot; : [ ]
        }
      } ]
    }, {
      &quot;lectureReviews&quot; : [ {
        &quot;member&quot; : {
          &quot;questions&quot; : [ ],
          &quot;answers&quot; : [ ],
          &quot;questionVotes&quot; : [ ],
          &quot;answerVotes&quot; : [ ]
        }
      }, {
        &quot;member&quot; : {
          &quot;questions&quot; : [ ],
          &quot;answers&quot; : [ ],
          &quot;questionVotes&quot; : [ ],
          &quot;answerVotes&quot; : [ ]
        }
      }, {
        &quot;member&quot; : {
          &quot;questions&quot; : [ ],
          &quot;answers&quot; : [ ],
          &quot;questionVotes&quot; : [ ],
          &quot;answerVotes&quot; : [ ]
        }
      }, {
        &quot;member&quot; : {
          &quot;questions&quot; : [ ],
          &quot;answers&quot; : [ ],
          &quot;questionVotes&quot; : [ ],
          &quot;answerVotes&quot; : [ ]
        }
      }, {
        &quot;member&quot; : {
          &quot;questions&quot; : [ ],
          &quot;answers&quot; : [ ],
          &quot;questionVotes&quot; : [ ],
          &quot;answerVotes&quot; : [ ]
        }
      }, {
        &quot;member&quot; : {
          &quot;questions&quot; : [ ],
          &quot;answers&quot; : [ ],
          &quot;questionVotes&quot; : [ ],
          &quot;answerVotes&quot; : [ ]
        }
      }, {
        &quot;member&quot; : {
          &quot;questions&quot; : [ ],
          &quot;answers&quot; : [ ],
          &quot;questionVotes&quot; : [ ],
          &quot;answerVotes&quot; : [ ]
        }
      }, {
        &quot;member&quot; : {
          &quot;questions&quot; : [ ],
          &quot;answers&quot; : [ ],
          &quot;questionVotes&quot; : [ ],
          &quot;answerVotes&quot; : [ ]
        }
      } ]
    }, {
      &quot;lectureReviews&quot; : [ {
        &quot;member&quot; : {
          &quot;questions&quot; : [ ],
          &quot;answers&quot; : [ ],
          &quot;questionVotes&quot; : [ ],
          &quot;answerVotes&quot; : [ ]
        }
      }, {
        &quot;member&quot; : {
          &quot;questions&quot; : [ ],
          &quot;answers&quot; : [ ],
          &quot;questionVotes&quot; : [ ],
          &quot;answerVotes&quot; : [ ]
        }
      }, {
        &quot;member&quot; : {
          &quot;questions&quot; : [ ],
          &quot;answers&quot; : [ ],
          &quot;questionVotes&quot; : [ ],
          &quot;answerVotes&quot; : [ ]
        }
      }, {
        &quot;member&quot; : {
          &quot;questions&quot; : [ ],
          &quot;answers&quot; : [ ],
          &quot;questionVotes&quot; : [ ],
          &quot;answerVotes&quot; : [ ]
        }
      }, {
        &quot;member&quot; : {
          &quot;questions&quot; : [ ],
          &quot;answers&quot; : [ ],
          &quot;questionVotes&quot; : [ ],
          &quot;answerVotes&quot; : [ ]
        }
      }, {
        &quot;member&quot; : {
          &quot;questions&quot; : [ ],
          &quot;answers&quot; : [ ],
          &quot;questionVotes&quot; : [ ],
          &quot;answerVotes&quot; : [ ]
        }
      }, {
        &quot;member&quot; : {
          &quot;questions&quot; : [ ],
          &quot;answers&quot; : [ ],
          &quot;questionVotes&quot; : [ ],
          &quot;answerVotes&quot; : [ ]
        }
      }, {
        &quot;member&quot; : {
          &quot;questions&quot; : [ ],
          &quot;answers&quot; : [ ],
          &quot;questionVotes&quot; : [ ],
          &quot;answerVotes&quot; : [ ]
        }
      } ]
    }, {
      &quot;lectureReviews&quot; : [ {
        &quot;member&quot; : {
          &quot;questions&quot; : [ ],
          &quot;answers&quot; : [ ],
          &quot;questionVotes&quot; : [ ],
          &quot;answerVotes&quot; : [ ]
        }
      }, {
        &quot;member&quot; : {
          &quot;questions&quot; : [ ],
          &quot;answers&quot; : [ ],
          &quot;questionVotes&quot; : [ ],
          &quot;answerVotes&quot; : [ ]
        }
      }, {
        &quot;member&quot; : {
          &quot;questions&quot; : [ ],
          &quot;answers&quot; : [ ],
          &quot;questionVotes&quot; : [ ],
          &quot;answerVotes&quot; : [ ]
        }
      }, {
        &quot;member&quot; : {
          &quot;questions&quot; : [ ],
          &quot;answers&quot; : [ ],
          &quot;questionVotes&quot; : [ ],
          &quot;answerVotes&quot; : [ ]
        }
      }, {
        &quot;member&quot; : {
          &quot;questions&quot; : [ ],
          &quot;answers&quot; : [ ],
          &quot;questionVotes&quot; : [ ],
          &quot;answerVotes&quot; : [ ]
        }
      }, {
        &quot;member&quot; : {
          &quot;questions&quot; : [ ],
          &quot;answers&quot; : [ ],
          &quot;questionVotes&quot; : [ ],
          &quot;answerVotes&quot; : [ ]
        }
      }, {
        &quot;member&quot; : {
          &quot;questions&quot; : [ ],
          &quot;answers&quot; : [ ],
          &quot;questionVotes&quot; : [ ],
          &quot;answerVotes&quot; : [ ]
        }
      }, {
        &quot;member&quot; : {
          &quot;questions&quot; : [ ],
          &quot;answers&quot; : [ ],
          &quot;questionVotes&quot; : [ ],
          &quot;answerVotes&quot; : [ ]
        }
      } ]
    }, {
      &quot;lectureReviews&quot; : [ {
        &quot;member&quot; : {
          &quot;questions&quot; : [ ],
          &quot;answers&quot; : [ ],
          &quot;questionVotes&quot; : [ ],
          &quot;answerVotes&quot; : [ ]
        }
      }, {
        &quot;member&quot; : {
          &quot;questions&quot; : [ ],
          &quot;answers&quot; : [ ],
          &quot;questionVotes&quot; : [ ],
          &quot;answerVotes&quot; : [ ]
        }
      }, {
        &quot;member&quot; : {
          &quot;questions&quot; : [ ],
          &quot;answers&quot; : [ ],
          &quot;questionVotes&quot; : [ ],
          &quot;answerVotes&quot; : [ ]
        }
      }, {
        &quot;member&quot; : {
          &quot;questions&quot; : [ ],
          &quot;answers&quot; : [ ],
          &quot;questionVotes&quot; : [ ],
          &quot;answerVotes&quot; : [ ]
        }
      }, {
        &quot;member&quot; : {
          &quot;questions&quot; : [ ],
          &quot;answers&quot; : [ ],
          &quot;questionVotes&quot; : [ ],
          &quot;answerVotes&quot; : [ ]
        }
      }, {
        &quot;member&quot; : {
          &quot;questions&quot; : [ ],
          &quot;answers&quot; : [ ],
          &quot;questionVotes&quot; : [ ],
          &quot;answerVotes&quot; : [ ]
        }
      }, {
        &quot;member&quot; : {
          &quot;questions&quot; : [ ],
          &quot;answers&quot; : [ ],
          &quot;questionVotes&quot; : [ ],
          &quot;answerVotes&quot; : [ ]
        }
      }, {
        &quot;member&quot; : {
          &quot;questions&quot; : [ ],
          &quot;answers&quot; : [ ],
          &quot;questionVotes&quot; : [ ],
          &quot;answerVotes&quot; : [ ]
        }
      } ]
    }, {
      &quot;lectureReviews&quot; : [ {
        &quot;member&quot; : {
          &quot;questions&quot; : [ ],
          &quot;answers&quot; : [ ],
          &quot;questionVotes&quot; : [ ],
          &quot;answerVotes&quot; : [ ]
        }
      }, {
        &quot;member&quot; : {
          &quot;questions&quot; : [ ],
          &quot;answers&quot; : [ ],
          &quot;questionVotes&quot; : [ ],
          &quot;answerVotes&quot; : [ ]
        }
      }, {
        &quot;member&quot; : {
          &quot;questions&quot; : [ ],
          &quot;answers&quot; : [ ],
          &quot;questionVotes&quot; : [ ],
          &quot;answerVotes&quot; : [ ]
        }
      }, {
        &quot;member&quot; : {
          &quot;questions&quot; : [ ],
          &quot;answers&quot; : [ ],
          &quot;questionVotes&quot; : [ ],
          &quot;answerVotes&quot; : [ ]
        }
      }, {
        &quot;member&quot; : {
          &quot;questions&quot; : [ ],
          &quot;answers&quot; : [ ],
          &quot;questionVotes&quot; : [ ],
          &quot;answerVotes&quot; : [ ]
        }
      }, {
        &quot;member&quot; : {
          &quot;questions&quot; : [ ],
          &quot;answers&quot; : [ ],
          &quot;questionVotes&quot; : [ ],
          &quot;answerVotes&quot; : [ ]
        }
      }, {
        &quot;member&quot; : {
          &quot;questions&quot; : [ ],
          &quot;answers&quot; : [ ],
          &quot;questionVotes&quot; : [ ],
          &quot;answerVotes&quot; : [ ]
        }
      }, {
        &quot;member&quot; : {
          &quot;questions&quot; : [ ],
          &quot;answers&quot; : [ ],
          &quot;questionVotes&quot; : [ ],
          &quot;answerVotes&quot; : [ ]
        }
      } ]
    }, {
      &quot;lectureReviews&quot; : [ {
        &quot;member&quot; : {
          &quot;questions&quot; : [ ],
          &quot;answers&quot; : [ ],
          &quot;questionVotes&quot; : [ ],
          &quot;answerVotes&quot; : [ ]
        }
      }, {
        &quot;member&quot; : {
          &quot;questions&quot; : [ ],
          &quot;answers&quot; : [ ],
          &quot;questionVotes&quot; : [ ],
          &quot;answerVotes&quot; : [ ]
        }
      }, {
        &quot;member&quot; : {
          &quot;questions&quot; : [ ],
          &quot;answers&quot; : [ ],
          &quot;questionVotes&quot; : [ ],
          &quot;answerVotes&quot; : [ ]
        }
      }, {
        &quot;member&quot; : {
          &quot;questions&quot; : [ ],
          &quot;answers&quot; : [ ],
          &quot;questionVotes&quot; : [ ],
          &quot;answerVotes&quot; : [ ]
        }
      }, {
        &quot;member&quot; : {
          &quot;questions&quot; : [ ],
          &quot;answers&quot; : [ ],
          &quot;questionVotes&quot; : [ ],
          &quot;answerVotes&quot; : [ ]
        }
      }, {
        &quot;member&quot; : {
          &quot;questions&quot; : [ ],
          &quot;answers&quot; : [ ],
          &quot;questionVotes&quot; : [ ],
          &quot;answerVotes&quot; : [ ]
        }
      }, {
        &quot;member&quot; : {
          &quot;questions&quot; : [ ],
          &quot;answers&quot; : [ ],
          &quot;questionVotes&quot; : [ ],
          &quot;answerVotes&quot; : [ ]
        }
      }, {
        &quot;member&quot; : {
          &quot;questions&quot; : [ ],
          &quot;answers&quot; : [ ],
          &quot;questionVotes&quot; : [ ],
          &quot;answerVotes&quot; : [ ]
        }
      } ]
    } ]
  }
}
	at app//org.springframework.restdocs.payload.AbstractFieldsSnippet.validateFieldDocumentation(AbstractFieldsSnippet.java:218)
	at app//org.springframework.restdocs.payload.AbstractFieldsSnippet.createModel(AbstractFieldsSnippet.java:160)
	at app//org.springframework.restdocs.snippet.TemplatedSnippet.document(TemplatedSnippet.java:78)
	at app//org.springframework.restdocs.generate.RestDocumentationGenerator.handle(RestDocumentationGenerator.java:191)
	at app//org.springframework.restdocs.mockmvc.RestDocumentationResultHandler.handle(RestDocumentationResultHandler.java:52)
	at app//org.springframework.test.web.servlet.MockMvc$1.andDo(MockMvc.java:219)
	at app//ynzmz.server.teacher.controller.TeacherControllerTest.getTeacherReviewDetail(TeacherControllerTest.java:285)
	at java.base@11.0.17/jdk.internal.reflect.NativeMethodAccessorImpl.invoke0(Native Method)
	at java.base@11.0.17/jdk.internal.reflect.NativeMethodAccessorImpl.invoke(NativeMethodAccessorImpl.java:62)
	at java.base@11.0.17/jdk.internal.reflect.DelegatingMethodAccessorImpl.invoke(DelegatingMethodAccessorImpl.java:43)
	at java.base@11.0.17/java.lang.reflect.Method.invoke(Method.java:566)
	at app//org.junit.platform.commons.util.ReflectionUtils.invokeMethod(ReflectionUtils.java:725)
	at app//org.junit.jupiter.engine.execution.MethodInvocation.proceed(MethodInvocation.java:60)
	at app//org.junit.jupiter.engine.execution.InvocationInterceptorChain$ValidatingInvocation.proceed(InvocationInterceptorChain.java:131)
	at app//org.junit.jupiter.engine.extension.TimeoutExtension.intercept(TimeoutExtension.java:149)
	at app//org.junit.jupiter.engine.extension.TimeoutExtension.interceptTestableMethod(TimeoutExtension.java:140)
	at app//org.junit.jupiter.engine.extension.TimeoutExtension.interceptTestMethod(TimeoutExtension.java:84)
	at app//org.junit.jupiter.engine.execution.ExecutableInvoker$ReflectiveInterceptorCall.lambda$ofVoidMethod$0(ExecutableInvoker.java:115)
	at app//org.junit.jupiter.engine.execution.ExecutableInvoker.lambda$invoke$0(ExecutableInvoker.java:105)
	at app//org.junit.jupiter.engine.execution.InvocationInterceptorChain$InterceptedInvocation.proceed(InvocationInterceptorChain.java:106)
	at app//org.junit.jupiter.engine.execution.InvocationInterceptorChain.proceed(InvocationInterceptorChain.java:64)
	at app//org.junit.jupiter.engine.execution.InvocationInterceptorChain.chainAndInvoke(InvocationInterceptorChain.java:45)
	at app//org.junit.jupiter.engine.execution.InvocationInterceptorChain.invoke(InvocationInterceptorChain.java:37)
	at app//org.junit.jupiter.engine.execution.ExecutableInvoker.invoke(ExecutableInvoker.java:104)
	at app//org.junit.jupiter.engine.execution.ExecutableInvoker.invoke(ExecutableInvoker.java:98)
	at app//org.junit.jupiter.engine.descriptor.TestMethodTestDescriptor.lambda$invokeTestMethod$7(TestMethodTestDescriptor.java:214)
	at app//org.junit.platform.engine.support.hierarchical.ThrowableCollector.execute(ThrowableCollector.java:73)
	at app//org.junit.jupiter.engine.descriptor.TestMethodTestDescriptor.invokeTestMethod(TestMethodTestDescriptor.java:210)
	at app//org.junit.jupiter.engine.descriptor.TestMethodTestDescriptor.execute(TestMethodTestDescriptor.java:135)
	at app//org.junit.jupiter.engine.descriptor.TestMethodTestDescriptor.execute(TestMethodTestDescriptor.java:66)
	at app//org.junit.platform.engine.support.hierarchical.NodeTestTask.lambda$executeRecursively$6(NodeTestTask.java:151)
	at app//org.junit.platform.engine.support.hierarchical.ThrowableCollector.execute(ThrowableCollector.java:73)
	at app//org.junit.platform.engine.support.hierarchical.NodeTestTask.lambda$executeRecursively$8(NodeTestTask.java:141)
	at app//org.junit.platform.engine.support.hierarchical.Node.around(Node.java:137)
	at app//org.junit.platform.engine.support.hierarchical.NodeTestTask.lambda$executeRecursively$9(NodeTestTask.java:139)
	at app//org.junit.platform.engine.support.hierarchical.ThrowableCollector.execute(ThrowableCollector.java:73)
	at app//org.junit.platform.engine.support.hierarchical.NodeTestTask.executeRecursively(NodeTestTask.java:138)
	at app//org.junit.platform.engine.support.hierarchical.NodeTestTask.execute(NodeTestTask.java:95)
	at java.base@11.0.17/java.util.ArrayList.forEach(ArrayList.java:1541)
	at app//org.junit.platform.engine.support.hierarchical.SameThreadHierarchicalTestExecutorService.invokeAll(SameThreadHierarchicalTestExecutorService.java:41)
	at app//org.junit.platform.engine.support.hierarchical.NodeTestTask.lambda$executeRecursively$6(NodeTestTask.java:155)
	at app//org.junit.platform.engine.support.hierarchical.ThrowableCollector.execute(ThrowableCollector.java:73)
	at app//org.junit.platform.engine.support.hierarchical.NodeTestTask.lambda$executeRecursively$8(NodeTestTask.java:141)
	at app//org.junit.platform.engine.support.hierarchical.Node.around(Node.java:137)
	at app//org.junit.platform.engine.support.hierarchical.NodeTestTask.lambda$executeRecursively$9(NodeTestTask.java:139)
	at app//org.junit.platform.engine.support.hierarchical.ThrowableCollector.execute(ThrowableCollector.java:73)
	at app//org.junit.platform.engine.support.hierarchical.NodeTestTask.executeRecursively(NodeTestTask.java:138)
	at app//org.junit.platform.engine.support.hierarchical.NodeTestTask.execute(NodeTestTask.java:95)
	at java.base@11.0.17/java.util.ArrayList.forEach(ArrayList.java:1541)
	at app//org.junit.platform.engine.support.hierarchical.SameThreadHierarchicalTestExecutorService.invokeAll(SameThreadHierarchicalTestExecutorService.java:41)
	at app//org.junit.platform.engine.support.hierarchical.NodeTestTask.lambda$executeRecursively$6(NodeTestTask.java:155)
	at app//org.junit.platform.engine.support.hierarchical.ThrowableCollector.execute(ThrowableCollector.java:73)
	at app//org.junit.platform.engine.support.hierarchical.NodeTestTask.lambda$executeRecursively$8(NodeTestTask.java:141)
	at app//org.junit.platform.engine.support.hierarchical.Node.around(Node.java:137)
	at app//org.junit.platform.engine.support.hierarchical.NodeTestTask.lambda$executeRecursively$9(NodeTestTask.java:139)
	at app//org.junit.platform.engine.support.hierarchical.ThrowableCollector.execute(ThrowableCollector.java:73)
	at app//org.junit.platform.engine.support.hierarchical.NodeTestTask.executeRecursively(NodeTestTask.java:138)
	at app//org.junit.platform.engine.support.hierarchical.NodeTestTask.execute(NodeTestTask.java:95)
	at app//org.junit.platform.engine.support.hierarchical.SameThreadHierarchicalTestExecutorService.submit(SameThreadHierarchicalTestExecutorService.java:35)
	at app//org.junit.platform.engine.support.hierarchical.HierarchicalTestExecutor.execute(HierarchicalTestExecutor.java:57)
	at app//org.junit.platform.engine.support.hierarchical.HierarchicalTestEngine.execute(HierarchicalTestEngine.java:54)
	at org.junit.platform.launcher.core.EngineExecutionOrchestrator.execute(EngineExecutionOrchestrator.java:107)
	at org.junit.platform.launcher.core.EngineExecutionOrchestrator.execute(EngineExecutionOrchestrator.java:88)
	at org.junit.platform.launcher.core.EngineExecutionOrchestrator.lambda$execute$0(EngineExecutionOrchestrator.java:54)
	at org.junit.platform.launcher.core.EngineExecutionOrchestrator.withInterceptedStreams(EngineExecutionOrchestrator.java:67)
	at org.junit.platform.launcher.core.EngineExecutionOrchestrator.execute(EngineExecutionOrchestrator.java:52)
	at org.junit.platform.launcher.core.DefaultLauncher.execute(DefaultLauncher.java:114)
	at org.junit.platform.launcher.core.DefaultLauncher.execute(DefaultLauncher.java:86)
	at org.junit.platform.launcher.core.DefaultLauncherSession$DelegatingLauncher.execute(DefaultLauncherSession.java:86)
	at org.junit.platform.launcher.core.SessionPerRequestLauncher.execute(SessionPerRequestLauncher.java:53)
	at org.gradle.api.internal.tasks.testing.junitplatform.JUnitPlatformTestClassProcessor$CollectAllTestClassesExecutor.processAllTestClasses(JUnitPlatformTestClassProcessor.java:99)
	at org.gradle.api.internal.tasks.testing.junitplatform.JUnitPlatformTestClassProcessor$CollectAllTestClassesExecutor.access$000(JUnitPlatformTestClassProcessor.java:79)
	at org.gradle.api.internal.tasks.testing.junitplatform.JUnitPlatformTestClassProcessor.stop(JUnitPlatformTestClassProcessor.java:75)
	at org.gradle.api.internal.tasks.testing.SuiteTestClassProcessor.stop(SuiteTestClassProcessor.java:62)
	at java.base@11.0.17/jdk.internal.reflect.NativeMethodAccessorImpl.invoke0(Native Method)
	at java.base@11.0.17/jdk.internal.reflect.NativeMethodAccessorImpl.invoke(NativeMethodAccessorImpl.java:62)
	at java.base@11.0.17/jdk.internal.reflect.DelegatingMethodAccessorImpl.invoke(DelegatingMethodAccessorImpl.java:43)
	at java.base@11.0.17/java.lang.reflect.Method.invoke(Method.java:566)
	at org.gradle.internal.dispatch.ReflectionDispatch.dispatch(ReflectionDispatch.java:36)
	at org.gradle.internal.dispatch.ReflectionDispatch.dispatch(ReflectionDispatch.java:24)
	at org.gradle.internal.dispatch.ContextClassLoaderDispatch.dispatch(ContextClassLoaderDispatch.java:33)
	at org.gradle.internal.dispatch.ProxyDispatchAdapter$DispatchingInvocationHandler.invoke(ProxyDispatchAdapter.java:94)
	at com.sun.proxy.$Proxy2.stop(Unknown Source)
	at org.gradle.api.internal.tasks.testing.worker.TestWorker$3.run(TestWorker.java:193)
	at org.gradle.api.internal.tasks.testing.worker.TestWorker.executeAndMaintainThreadName(TestWorker.java:129)
	at org.gradle.api.internal.tasks.testing.worker.TestWorker.execute(TestWorker.java:100)
	at org.gradle.api.internal.tasks.testing.worker.TestWorker.execute(TestWorker.java:60)
	at org.gradle.process.internal.worker.child.ActionExecutionWorker.execute(ActionExecutionWorker.java:56)
	at org.gradle.process.internal.worker.child.SystemApplicationClassLoaderWorker.call(SystemApplicationClassLoaderWorker.java:113)
	at org.gradle.process.internal.worker.child.SystemApplicationClassLoaderWorker.call(SystemApplicationClassLoaderWorker.java:65)
	at app//worker.org.gradle.process.internal.worker.GradleWorkerMain.run(GradleWorkerMain.java:69)
	at app//worker.org.gradle.process.internal.worker.GradleWorkerMain.main(GradleWorkerMain.java:74)
</failure>
  </testcase>
  <system-out><![CDATA[2023-03-17 11:22:41.032  INFO 8158 --- [    Test worker] .b.t.a.w.s.WebMvcTestContextBootstrapper : Neither @ContextConfiguration nor @ContextHierarchy found for test class [ynzmz.server.teacher.controller.TeacherControllerTest], using SpringBootContextLoader
2023-03-17 11:22:41.033  INFO 8158 --- [    Test worker] o.s.t.c.support.AbstractContextLoader    : Could not detect default resource locations for test class [ynzmz.server.teacher.controller.TeacherControllerTest]: no resource found for suffixes {-context.xml, Context.groovy}.
2023-03-17 11:22:41.033  INFO 8158 --- [    Test worker] t.c.s.AnnotationConfigContextLoaderUtils : Could not detect default configuration classes for test class [ynzmz.server.teacher.controller.TeacherControllerTest]: TeacherControllerTest does not declare any static, non-private, non-final, nested classes annotated with @Configuration.
2023-03-17 11:22:41.035  INFO 8158 --- [    Test worker] .b.t.c.SpringBootTestContextBootstrapper : Found @SpringBootConfiguration ynzmz.server.ServerApplication for test class ynzmz.server.teacher.controller.TeacherControllerTest
2023-03-17 11:22:41.035  INFO 8158 --- [    Test worker] .b.t.a.w.s.WebMvcTestContextBootstrapper : Loaded default TestExecutionListener class names from location [META-INF/spring.factories]: [org.springframework.security.test.context.support.WithSecurityContextTestExecutionListener, org.springframework.security.test.context.support.ReactorContextTestExecutionListener, org.springframework.boot.test.autoconfigure.restdocs.RestDocsTestExecutionListener, org.springframework.boot.test.autoconfigure.web.client.MockRestServiceServerResetTestExecutionListener, org.springframework.boot.test.autoconfigure.web.servlet.MockMvcPrintOnlyOnFailureTestExecutionListener, org.springframework.boot.test.autoconfigure.web.servlet.WebDriverTestExecutionListener, org.springframework.boot.test.autoconfigure.webservices.client.MockWebServiceServerTestExecutionListener, org.springframework.boot.test.mock.mockito.MockitoTestExecutionListener, org.springframework.boot.test.mock.mockito.ResetMocksTestExecutionListener, org.springframework.test.context.web.ServletTestExecutionListener, org.springframework.test.context.support.DirtiesContextBeforeModesTestExecutionListener, org.springframework.test.context.event.ApplicationEventsTestExecutionListener, org.springframework.test.context.support.DependencyInjectionTestExecutionListener, org.springframework.test.context.support.DirtiesContextTestExecutionListener, org.springframework.test.context.transaction.TransactionalTestExecutionListener, org.springframework.test.context.jdbc.SqlScriptsTestExecutionListener, org.springframework.test.context.event.EventPublishingTestExecutionListener]
2023-03-17 11:22:41.036  INFO 8158 --- [    Test worker] .b.t.a.w.s.WebMvcTestContextBootstrapper : Using TestExecutionListeners: [org.springframework.test.context.web.ServletTestExecutionListener@3a42145, org.springframework.test.context.support.DirtiesContextBeforeModesTestExecutionListener@bb38c49, org.springframework.test.context.event.ApplicationEventsTestExecutionListener@4e67e090, org.springframework.boot.test.mock.mockito.MockitoTestExecutionListener@361483eb, org.springframework.boot.test.autoconfigure.SpringBootDependencyInjectionTestExecutionListener@14983265, org.springframework.test.context.support.DirtiesContextTestExecutionListener@35e357b, org.springframework.test.context.transaction.TransactionalTestExecutionListener@724c26e0, org.springframework.test.context.jdbc.SqlScriptsTestExecutionListener@6055e899, org.springframework.security.test.context.support.WithSecurityContextTestExecutionListener@350be5ec, org.springframework.test.context.event.EventPublishingTestExecutionListener@478cebdb, org.springframework.security.test.context.support.ReactorContextTestExecutionListener@5464aeec, org.springframework.boot.test.autoconfigure.restdocs.RestDocsTestExecutionListener@1b3a95d9, org.springframework.boot.test.autoconfigure.web.client.MockRestServiceServerResetTestExecutionListener@71f437d7, org.springframework.boot.test.autoconfigure.web.servlet.MockMvcPrintOnlyOnFailureTestExecutionListener@5186c801, org.springframework.boot.test.autoconfigure.web.servlet.WebDriverTestExecutionListener@20e41f13, org.springframework.boot.test.autoconfigure.webservices.client.MockWebServiceServerTestExecutionListener@6fbfd28b, org.springframework.boot.test.mock.mockito.ResetMocksTestExecutionListener@3fa50a24]

  .   ____          _            __ _ _
 /\\ / ___'_ __ _ _(_)_ __  __ _ \ \ \ \
( ( )\___ | '_ | '_| | '_ \/ _` | \ \ \ \
 \\/  ___)| |_)| | | | | || (_| |  ) ) ) )
  '  |____| .__|_| |_|_| |_\__, | / / / /
 =========|_|==============|___/=/_/_/_/
 :: Spring Boot ::                (v2.7.9)

2023-03-17 11:22:41.046  INFO 8158 --- [    Test worker] y.s.t.controller.TeacherControllerTest   : Starting TeacherControllerTest using Java 11.0.17 on gimminhoui-MacBookPro.local with PID 8158 (started by mino in /Users/mino/codestates/seb42_main_027/server)
2023-03-17 11:22:41.046  INFO 8158 --- [    Test worker] y.s.t.controller.TeacherControllerTest   : The following 1 profile is active: "server"
2023-03-17 11:22:41.225  WARN 8158 --- [    Test worker] .s.s.UserDetailsServiceAutoConfiguration : 

Using generated security password: b9357f6f-7ab6-43f7-8d10-0cbb050e27c8

This generated password is for development use only. Your security configuration must be updated before running your application in production.

2023-03-17 11:22:41.241  INFO 8158 --- [    Test worker] o.s.s.web.DefaultSecurityFilterChain     : Will secure any request with [org.springframework.security.web.session.DisableEncodeUrlFilter@59db8216, org.springframework.security.web.context.request.async.WebAsyncManagerIntegrationFilter@7bb86ac, org.springframework.security.web.context.SecurityContextPersistenceFilter@4027edeb, org.springframework.security.web.header.HeaderWriterFilter@632d1b1b, org.springframework.security.web.authentication.logout.LogoutFilter@7d4135c9, org.springframework.security.web.savedrequest.RequestCacheAwareFilter@48cd8e71, org.springframework.security.web.servletapi.SecurityContextHolderAwareRequestFilter@43b3b1b0, org.springframework.security.web.authentication.AnonymousAuthenticationFilter@33bf2602, org.springframework.security.web.session.SessionManagementFilter@3c2fa57a, org.springframework.security.web.access.ExceptionTranslationFilter@796e2187]
2023-03-17 11:22:41.256  INFO 8158 --- [    Test worker] o.s.b.t.m.w.SpringBootMockServletContext : Initializing Spring TestDispatcherServlet ''
2023-03-17 11:22:41.256  INFO 8158 --- [    Test worker] o.s.t.web.servlet.TestDispatcherServlet  : Initializing Servlet ''
2023-03-17 11:22:41.256  INFO 8158 --- [    Test worker] o.s.t.web.servlet.TestDispatcherServlet  : Completed initialization in 0 ms
2023-03-17 11:22:41.261  INFO 8158 --- [    Test worker] y.s.t.controller.TeacherControllerTest   : Started TeacherControllerTest in 0.224 seconds (JVM running for 3.688)

MockHttpServletRequest:
      HTTP Method = GET
      Request URI = /teachers/1/review
       Parameters = {}
          Headers = [Content-Type:"application/json;charset=UTF-8", Accept:"application/json"]
             Body = null
    Session Attrs = {SPRING_SECURITY_CONTEXT=SecurityContextImpl [Authentication=UsernamePasswordAuthenticationToken [Principal=org.springframework.security.core.userdetails.User [Username=user, Password=[PROTECTED], Enabled=true, AccountNonExpired=true, credentialsNonExpired=true, AccountNonLocked=true, Granted Authorities=[ROLE_USER]], Credentials=[PROTECTED], Authenticated=true, Details=null, Granted Authorities=[ROLE_USER]]]}

Handler:
             Type = ynzmz.server.teacher.controller.TeacherController
           Method = ynzmz.server.teacher.controller.TeacherController#getTeacherDetailReview(long)

Async:
    Async started = false
     Async result = null

Resolved Exception:
             Type = null

ModelAndView:
        View name = null
             View = null
            Model = null

FlashMap:
       Attributes = null

MockHttpServletResponse:
           Status = 200
    Error message = null
          Headers = [Vary:"Origin", "Access-Control-Request-Method", "Access-Control-Request-Headers", Content-Type:"application/json", X-Content-Type-Options:"nosniff", X-XSS-Protection:"1; mode=block", Cache-Control:"no-cache, no-store, max-age=0, must-revalidate", Pragma:"no-cache", Expires:"0", X-Frame-Options:"DENY"]
     Content type = application/json
             Body = {"data":{"teacherId":1,"name":"홍길동","introduction":"홍길동 강사 간단 소개","imageUrl":"이미지 url","profile":["서울대학교 국어국문학과 학사","전 메가스터디 국어 강사","현 이투스 국어 강사","간단 경력 리스트 입력","서울대학교 국어국문학과 학사","전 메가스터디 국어 강사","현 이투스 국어 강사","간단 경력 리스트 입력","서울대학교 국어국문학과 학사","전 메가스터디 국어 강사","현 이투스 국어 강사","간단 경력 리스트 입력","서울대학교 국어국문학과 학사","전 메가스터디 국어 강사","현 이투스 국어 강사","간단 경력 리스트 입력"],"analects":["잠은 죽어서 자야한다","자가진단 빨리하자","14급 15급 공무원 하면 딱 맞을새끼들 빠가새끼들 빨리때리치워","어록 리스트 입력","잠은 죽어서 자야한다","자가진단 빨리하자","14급 15급 공무원 하면 딱 맞을새끼들 빠가새끼들 빨리때리치워","어록 리스트 입력","잠은 죽어서 자야한다","자가진단 빨리하자","14급 15급 공무원 하면 딱 맞을새끼들 빠가새끼들 빨리때리치워","어록 리스트 입력","잠은 죽어서 자야한다","자가진단 빨리하자","14급 15급 공무원 하면 딱 맞을새끼들 빠가새끼들 빨리때리치워","어록 리스트 입력"],"starPointAverage":4.2,"totalReviewCount":17,"starPointCount":{"1점갯수":1,"5점갯수":12,"4점갯수":3,"2점갯수":1,"3점갯수":0},"gradeTags":[{"gradeTag":"고1"},{"gradeTag":"고2"},{"gradeTag":"고3"},{"gradeTag":"예비고1"},{"gradeTag":"예비고2"},{"gradeTag":"예비고3"},{"gradeTag":"고1"},{"gradeTag":"고2"},{"gradeTag":"고3"},{"gradeTag":"예비고1"},{"gradeTag":"예비고2"},{"gradeTag":"예비고3"},{"gradeTag":"고1"},{"gradeTag":"고2"},{"gradeTag":"고3"},{"gradeTag":"예비고1"},{"gradeTag":"예비고2"},{"gradeTag":"예비고3"},{"gradeTag":"고1"},{"gradeTag":"고2"},{"gradeTag":"고3"},{"gradeTag":"예비고1"},{"gradeTag":"예비고2"},{"gradeTag":"예비고3"}],"subjectTags":[{"subjectTag":"국어"},{"subjectTag":"한국사"},{"subjectTag":"국어"},{"subjectTag":"한국사"},{"subjectTag":"국어"},{"subjectTag":"한국사"},{"subjectTag":"국어"},{"subjectTag":"한국사"}],"platformTags":[{"platformTag":"이투스"},{"platformTag":"EBS"},{"platformTag":"이투스"},{"platformTag":"EBS"},{"platformTag":"이투스"},{"platformTag":"EBS"},{"platformTag":"이투스"},{"platformTag":"EBS"}],"lectures":[{"lectureId":1,"title":"강의 타이틀명!","status":"진행중","lectureReviews":[{"lectureReviewId":1,"title":"이 강의 추천합니다!","starPoint":5,"content":"강의하시는데 ~~궁 ~~궁 해서 추천합니다","createdAt":"2023.03.10.18:52:36","modifiedAt":"2023.03.10.18:52:36","viewCount":1,"voteCount":0,"teacher":{"teacherId":1,"name":"홍길동","starPointAverage":0.0},"lecture":{"lectureId":1,"title":"강의 이름!","starPointAverage":0.0},"member":{"memberId":1,"email":"ghdrlfehd@gmail.com","displayName":"홍길동","password":"1111","iconImageUrl":"IconUrl","createdAt":"2023.03.10.18:52:36","roles":[],"memberStatus":"MEMBER_ACTIVE","questions":[],"answers":[],"questionVotes":[],"answerVotes":[]}},{"lectureReviewId":1,"title":"이 강의 추천합니다!","starPoint":5,"content":"강의하시는데 ~~궁 ~~궁 해서 추천합니다","createdAt":"2023.03.10.18:52:36","modifiedAt":"2023.03.10.18:52:36","viewCount":1,"voteCount":0,"teacher":{"teacherId":1,"name":"홍길동","starPointAverage":0.0},"lecture":{"lectureId":1,"title":"강의 이름!","starPointAverage":0.0},"member":{"memberId":1,"email":"ghdrlfehd@gmail.com","displayName":"홍길동","password":"1111","iconImageUrl":"IconUrl","createdAt":"2023.03.10.18:52:36","roles":[],"memberStatus":"MEMBER_ACTIVE","questions":[],"answers":[],"questionVotes":[],"answerVotes":[]}},{"lectureReviewId":1,"title":"이 강의 추천합니다!","starPoint":5,"content":"강의하시는데 ~~궁 ~~궁 해서 추천합니다","createdAt":"2023.03.10.18:52:36","modifiedAt":"2023.03.10.18:52:36","viewCount":1,"voteCount":0,"teacher":{"teacherId":1,"name":"홍길동","starPointAverage":0.0},"lecture":{"lectureId":1,"title":"강의 이름!","starPointAverage":0.0},"member":{"memberId":1,"email":"ghdrlfehd@gmail.com","displayName":"홍길동","password":"1111","iconImageUrl":"IconUrl","createdAt":"2023.03.10.18:52:36","roles":[],"memberStatus":"MEMBER_ACTIVE","questions":[],"answers":[],"questionVotes":[],"answerVotes":[]}},{"lectureReviewId":1,"title":"이 강의 추천합니다!","starPoint":5,"content":"강의하시는데 ~~궁 ~~궁 해서 추천합니다","createdAt":"2023.03.10.18:52:36","modifiedAt":"2023.03.10.18:52:36","viewCount":1,"voteCount":0,"teacher":{"teacherId":1,"name":"홍길동","starPointAverage":0.0},"lecture":{"lectureId":1,"title":"강의 이름!","starPointAverage":0.0},"member":{"memberId":1,"email":"ghdrlfehd@gmail.com","displayName":"홍길동","password":"1111","iconImageUrl":"IconUrl","createdAt":"2023.03.10.18:52:36","roles":[],"memberStatus":"MEMBER_ACTIVE","questions":[],"answers":[],"questionVotes":[],"answerVotes":[]}},{"lectureReviewId":1,"title":"이 강의 추천합니다!","starPoint":5,"content":"강의하시는데 ~~궁 ~~궁 해서 추천합니다","createdAt":"2023.03.10.18:52:36","modifiedAt":"2023.03.10.18:52:36","viewCount":1,"voteCount":0,"teacher":{"teacherId":1,"name":"홍길동","starPointAverage":0.0},"lecture":{"lectureId":1,"title":"강의 이름!","starPointAverage":0.0},"member":{"memberId":1,"email":"ghdrlfehd@gmail.com","displayName":"홍길동","password":"1111","iconImageUrl":"IconUrl","createdAt":"2023.03.10.18:52:36","roles":[],"memberStatus":"MEMBER_ACTIVE","questions":[],"answers":[],"questionVotes":[],"answerVotes":[]}},{"lectureReviewId":1,"title":"이 강의 추천합니다!","starPoint":5,"content":"강의하시는데 ~~궁 ~~궁 해서 추천합니다","createdAt":"2023.03.10.18:52:36","modifiedAt":"2023.03.10.18:52:36","viewCount":1,"voteCount":0,"teacher":{"teacherId":1,"name":"홍길동","starPointAverage":0.0},"lecture":{"lectureId":1,"title":"강의 이름!","starPointAverage":0.0},"member":{"memberId":1,"email":"ghdrlfehd@gmail.com","displayName":"홍길동","password":"1111","iconImageUrl":"IconUrl","createdAt":"2023.03.10.18:52:36","roles":[],"memberStatus":"MEMBER_ACTIVE","questions":[],"answers":[],"questionVotes":[],"answerVotes":[]}},{"lectureReviewId":1,"title":"이 강의 추천합니다!","starPoint":5,"content":"강의하시는데 ~~궁 ~~궁 해서 추천합니다","createdAt":"2023.03.10.18:52:36","modifiedAt":"2023.03.10.18:52:36","viewCount":1,"voteCount":0,"teacher":{"teacherId":1,"name":"홍길동","starPointAverage":0.0},"lecture":{"lectureId":1,"title":"강의 이름!","starPointAverage":0.0},"member":{"memberId":1,"email":"ghdrlfehd@gmail.com","displayName":"홍길동","password":"1111","iconImageUrl":"IconUrl","createdAt":"2023.03.10.18:52:36","roles":[],"memberStatus":"MEMBER_ACTIVE","questions":[],"answers":[],"questionVotes":[],"answerVotes":[]}},{"lectureReviewId":1,"title":"이 강의 추천합니다!","starPoint":5,"content":"강의하시는데 ~~궁 ~~궁 해서 추천합니다","createdAt":"2023.03.10.18:52:36","modifiedAt":"2023.03.10.18:52:36","viewCount":1,"voteCount":0,"teacher":{"teacherId":1,"name":"홍길동","starPointAverage":0.0},"lecture":{"lectureId":1,"title":"강의 이름!","starPointAverage":0.0},"member":{"memberId":1,"email":"ghdrlfehd@gmail.com","displayName":"홍길동","password":"1111","iconImageUrl":"IconUrl","createdAt":"2023.03.10.18:52:36","roles":[],"memberStatus":"MEMBER_ACTIVE","questions":[],"answers":[],"questionVotes":[],"answerVotes":[]}}]},{"lectureId":1,"title":"강의 타이틀명!","status":"진행중","lectureReviews":[{"lectureReviewId":1,"title":"이 강의 추천합니다!","starPoint":5,"content":"강의하시는데 ~~궁 ~~궁 해서 추천합니다","createdAt":"2023.03.10.18:52:36","modifiedAt":"2023.03.10.18:52:36","viewCount":1,"voteCount":0,"teacher":{"teacherId":1,"name":"홍길동","starPointAverage":0.0},"lecture":{"lectureId":1,"title":"강의 이름!","starPointAverage":0.0},"member":{"memberId":1,"email":"ghdrlfehd@gmail.com","displayName":"홍길동","password":"1111","iconImageUrl":"IconUrl","createdAt":"2023.03.10.18:52:36","roles":[],"memberStatus":"MEMBER_ACTIVE","questions":[],"answers":[],"questionVotes":[],"answerVotes":[]}},{"lectureReviewId":1,"title":"이 강의 추천합니다!","starPoint":5,"content":"강의하시는데 ~~궁 ~~궁 해서 추천합니다","createdAt":"2023.03.10.18:52:36","modifiedAt":"2023.03.10.18:52:36","viewCount":1,"voteCount":0,"teacher":{"teacherId":1,"name":"홍길동","starPointAverage":0.0},"lecture":{"lectureId":1,"title":"강의 이름!","starPointAverage":0.0},"member":{"memberId":1,"email":"ghdrlfehd@gmail.com","displayName":"홍길동","password":"1111","iconImageUrl":"IconUrl","createdAt":"2023.03.10.18:52:36","roles":[],"memberStatus":"MEMBER_ACTIVE","questions":[],"answers":[],"questionVotes":[],"answerVotes":[]}},{"lectureReviewId":1,"title":"이 강의 추천합니다!","starPoint":5,"content":"강의하시는데 ~~궁 ~~궁 해서 추천합니다","createdAt":"2023.03.10.18:52:36","modifiedAt":"2023.03.10.18:52:36","viewCount":1,"voteCount":0,"teacher":{"teacherId":1,"name":"홍길동","starPointAverage":0.0},"lecture":{"lectureId":1,"title":"강의 이름!","starPointAverage":0.0},"member":{"memberId":1,"email":"ghdrlfehd@gmail.com","displayName":"홍길동","password":"1111","iconImageUrl":"IconUrl","createdAt":"2023.03.10.18:52:36","roles":[],"memberStatus":"MEMBER_ACTIVE","questions":[],"answers":[],"questionVotes":[],"answerVotes":[]}},{"lectureReviewId":1,"title":"이 강의 추천합니다!","starPoint":5,"content":"강의하시는데 ~~궁 ~~궁 해서 추천합니다","createdAt":"2023.03.10.18:52:36","modifiedAt":"2023.03.10.18:52:36","viewCount":1,"voteCount":0,"teacher":{"teacherId":1,"name":"홍길동","starPointAverage":0.0},"lecture":{"lectureId":1,"title":"강의 이름!","starPointAverage":0.0},"member":{"memberId":1,"email":"ghdrlfehd@gmail.com","displayName":"홍길동","password":"1111","iconImageUrl":"IconUrl","createdAt":"2023.03.10.18:52:36","roles":[],"memberStatus":"MEMBER_ACTIVE","questions":[],"answers":[],"questionVotes":[],"answerVotes":[]}},{"lectureReviewId":1,"title":"이 강의 추천합니다!","starPoint":5,"content":"강의하시는데 ~~궁 ~~궁 해서 추천합니다","createdAt":"2023.03.10.18:52:36","modifiedAt":"2023.03.10.18:52:36","viewCount":1,"voteCount":0,"teacher":{"teacherId":1,"name":"홍길동","starPointAverage":0.0},"lecture":{"lectureId":1,"title":"강의 이름!","starPointAverage":0.0},"member":{"memberId":1,"email":"ghdrlfehd@gmail.com","displayName":"홍길동","password":"1111","iconImageUrl":"IconUrl","createdAt":"2023.03.10.18:52:36","roles":[],"memberStatus":"MEMBER_ACTIVE","questions":[],"answers":[],"questionVotes":[],"answerVotes":[]}},{"lectureReviewId":1,"title":"이 강의 추천합니다!","starPoint":5,"content":"강의하시는데 ~~궁 ~~궁 해서 추천합니다","createdAt":"2023.03.10.18:52:36","modifiedAt":"2023.03.10.18:52:36","viewCount":1,"voteCount":0,"teacher":{"teacherId":1,"name":"홍길동","starPointAverage":0.0},"lecture":{"lectureId":1,"title":"강의 이름!","starPointAverage":0.0},"member":{"memberId":1,"email":"ghdrlfehd@gmail.com","displayName":"홍길동","password":"1111","iconImageUrl":"IconUrl","createdAt":"2023.03.10.18:52:36","roles":[],"memberStatus":"MEMBER_ACTIVE","questions":[],"answers":[],"questionVotes":[],"answerVotes":[]}},{"lectureReviewId":1,"title":"이 강의 추천합니다!","starPoint":5,"content":"강의하시는데 ~~궁 ~~궁 해서 추천합니다","createdAt":"2023.03.10.18:52:36","modifiedAt":"2023.03.10.18:52:36","viewCount":1,"voteCount":0,"teacher":{"teacherId":1,"name":"홍길동","starPointAverage":0.0},"lecture":{"lectureId":1,"title":"강의 이름!","starPointAverage":0.0},"member":{"memberId":1,"email":"ghdrlfehd@gmail.com","displayName":"홍길동","password":"1111","iconImageUrl":"IconUrl","createdAt":"2023.03.10.18:52:36","roles":[],"memberStatus":"MEMBER_ACTIVE","questions":[],"answers":[],"questionVotes":[],"answerVotes":[]}},{"lectureReviewId":1,"title":"이 강의 추천합니다!","starPoint":5,"content":"강의하시는데 ~~궁 ~~궁 해서 추천합니다","createdAt":"2023.03.10.18:52:36","modifiedAt":"2023.03.10.18:52:36","viewCount":1,"voteCount":0,"teacher":{"teacherId":1,"name":"홍길동","starPointAverage":0.0},"lecture":{"lectureId":1,"title":"강의 이름!","starPointAverage":0.0},"member":{"memberId":1,"email":"ghdrlfehd@gmail.com","displayName":"홍길동","password":"1111","iconImageUrl":"IconUrl","createdAt":"2023.03.10.18:52:36","roles":[],"memberStatus":"MEMBER_ACTIVE","questions":[],"answers":[],"questionVotes":[],"answerVotes":[]}}]},{"lectureId":1,"title":"강의 타이틀명!","status":"진행중","lectureReviews":[{"lectureReviewId":1,"title":"이 강의 추천합니다!","starPoint":5,"content":"강의하시는데 ~~궁 ~~궁 해서 추천합니다","createdAt":"2023.03.10.18:52:36","modifiedAt":"2023.03.10.18:52:36","viewCount":1,"voteCount":0,"teacher":{"teacherId":1,"name":"홍길동","starPointAverage":0.0},"lecture":{"lectureId":1,"title":"강의 이름!","starPointAverage":0.0},"member":{"memberId":1,"email":"ghdrlfehd@gmail.com","displayName":"홍길동","password":"1111","iconImageUrl":"IconUrl","createdAt":"2023.03.10.18:52:36","roles":[],"memberStatus":"MEMBER_ACTIVE","questions":[],"answers":[],"questionVotes":[],"answerVotes":[]}},{"lectureReviewId":1,"title":"이 강의 추천합니다!","starPoint":5,"content":"강의하시는데 ~~궁 ~~궁 해서 추천합니다","createdAt":"2023.03.10.18:52:36","modifiedAt":"2023.03.10.18:52:36","viewCount":1,"voteCount":0,"teacher":{"teacherId":1,"name":"홍길동","starPointAverage":0.0},"lecture":{"lectureId":1,"title":"강의 이름!","starPointAverage":0.0},"member":{"memberId":1,"email":"ghdrlfehd@gmail.com","displayName":"홍길동","password":"1111","iconImageUrl":"IconUrl","createdAt":"2023.03.10.18:52:36","roles":[],"memberStatus":"MEMBER_ACTIVE","questions":[],"answers":[],"questionVotes":[],"answerVotes":[]}},{"lectureReviewId":1,"title":"이 강의 추천합니다!","starPoint":5,"content":"강의하시는데 ~~궁 ~~궁 해서 추천합니다","createdAt":"2023.03.10.18:52:36","modifiedAt":"2023.03.10.18:52:36","viewCount":1,"voteCount":0,"teacher":{"teacherId":1,"name":"홍길동","starPointAverage":0.0},"lecture":{"lectureId":1,"title":"강의 이름!","starPointAverage":0.0},"member":{"memberId":1,"email":"ghdrlfehd@gmail.com","displayName":"홍길동","password":"1111","iconImageUrl":"IconUrl","createdAt":"2023.03.10.18:52:36","roles":[],"memberStatus":"MEMBER_ACTIVE","questions":[],"answers":[],"questionVotes":[],"answerVotes":[]}},{"lectureReviewId":1,"title":"이 강의 추천합니다!","starPoint":5,"content":"강의하시는데 ~~궁 ~~궁 해서 추천합니다","createdAt":"2023.03.10.18:52:36","modifiedAt":"2023.03.10.18:52:36","viewCount":1,"voteCount":0,"teacher":{"teacherId":1,"name":"홍길동","starPointAverage":0.0},"lecture":{"lectureId":1,"title":"강의 이름!","starPointAverage":0.0},"member":{"memberId":1,"email":"ghdrlfehd@gmail.com","displayName":"홍길동","password":"1111","iconImageUrl":"IconUrl","createdAt":"2023.03.10.18:52:36","roles":[],"memberStatus":"MEMBER_ACTIVE","questions":[],"answers":[],"questionVotes":[],"answerVotes":[]}},{"lectureReviewId":1,"title":"이 강의 추천합니다!","starPoint":5,"content":"강의하시는데 ~~궁 ~~궁 해서 추천합니다","createdAt":"2023.03.10.18:52:36","modifiedAt":"2023.03.10.18:52:36","viewCount":1,"voteCount":0,"teacher":{"teacherId":1,"name":"홍길동","starPointAverage":0.0},"lecture":{"lectureId":1,"title":"강의 이름!","starPointAverage":0.0},"member":{"memberId":1,"email":"ghdrlfehd@gmail.com","displayName":"홍길동","password":"1111","iconImageUrl":"IconUrl","createdAt":"2023.03.10.18:52:36","roles":[],"memberStatus":"MEMBER_ACTIVE","questions":[],"answers":[],"questionVotes":[],"answerVotes":[]}},{"lectureReviewId":1,"title":"이 강의 추천합니다!","starPoint":5,"content":"강의하시는데 ~~궁 ~~궁 해서 추천합니다","createdAt":"2023.03.10.18:52:36","modifiedAt":"2023.03.10.18:52:36","viewCount":1,"voteCount":0,"teacher":{"teacherId":1,"name":"홍길동","starPointAverage":0.0},"lecture":{"lectureId":1,"title":"강의 이름!","starPointAverage":0.0},"member":{"memberId":1,"email":"ghdrlfehd@gmail.com","displayName":"홍길동","password":"1111","iconImageUrl":"IconUrl","createdAt":"2023.03.10.18:52:36","roles":[],"memberStatus":"MEMBER_ACTIVE","questions":[],"answers":[],"questionVotes":[],"answerVotes":[]}},{"lectureReviewId":1,"title":"이 강의 추천합니다!","starPoint":5,"content":"강의하시는데 ~~궁 ~~궁 해서 추천합니다","createdAt":"2023.03.10.18:52:36","modifiedAt":"2023.03.10.18:52:36","viewCount":1,"voteCount":0,"teacher":{"teacherId":1,"name":"홍길동","starPointAverage":0.0},"lecture":{"lectureId":1,"title":"강의 이름!","starPointAverage":0.0},"member":{"memberId":1,"email":"ghdrlfehd@gmail.com","displayName":"홍길동","password":"1111","iconImageUrl":"IconUrl","createdAt":"2023.03.10.18:52:36","roles":[],"memberStatus":"MEMBER_ACTIVE","questions":[],"answers":[],"questionVotes":[],"answerVotes":[]}},{"lectureReviewId":1,"title":"이 강의 추천합니다!","starPoint":5,"content":"강의하시는데 ~~궁 ~~궁 해서 추천합니다","createdAt":"2023.03.10.18:52:36","modifiedAt":"2023.03.10.18:52:36","viewCount":1,"voteCount":0,"teacher":{"teacherId":1,"name":"홍길동","starPointAverage":0.0},"lecture":{"lectureId":1,"title":"강의 이름!","starPointAverage":0.0},"member":{"memberId":1,"email":"ghdrlfehd@gmail.com","displayName":"홍길동","password":"1111","iconImageUrl":"IconUrl","createdAt":"2023.03.10.18:52:36","roles":[],"memberStatus":"MEMBER_ACTIVE","questions":[],"answers":[],"questionVotes":[],"answerVotes":[]}}]},{"lectureId":1,"title":"강의 타이틀명!","status":"진행중","lectureReviews":[{"lectureReviewId":1,"title":"이 강의 추천합니다!","starPoint":5,"content":"강의하시는데 ~~궁 ~~궁 해서 추천합니다","createdAt":"2023.03.10.18:52:36","modifiedAt":"2023.03.10.18:52:36","viewCount":1,"voteCount":0,"teacher":{"teacherId":1,"name":"홍길동","starPointAverage":0.0},"lecture":{"lectureId":1,"title":"강의 이름!","starPointAverage":0.0},"member":{"memberId":1,"email":"ghdrlfehd@gmail.com","displayName":"홍길동","password":"1111","iconImageUrl":"IconUrl","createdAt":"2023.03.10.18:52:36","roles":[],"memberStatus":"MEMBER_ACTIVE","questions":[],"answers":[],"questionVotes":[],"answerVotes":[]}},{"lectureReviewId":1,"title":"이 강의 추천합니다!","starPoint":5,"content":"강의하시는데 ~~궁 ~~궁 해서 추천합니다","createdAt":"2023.03.10.18:52:36","modifiedAt":"2023.03.10.18:52:36","viewCount":1,"voteCount":0,"teacher":{"teacherId":1,"name":"홍길동","starPointAverage":0.0},"lecture":{"lectureId":1,"title":"강의 이름!","starPointAverage":0.0},"member":{"memberId":1,"email":"ghdrlfehd@gmail.com","displayName":"홍길동","password":"1111","iconImageUrl":"IconUrl","createdAt":"2023.03.10.18:52:36","roles":[],"memberStatus":"MEMBER_ACTIVE","questions":[],"answers":[],"questionVotes":[],"answerVotes":[]}},{"lectureReviewId":1,"title":"이 강의 추천합니다!","starPoint":5,"content":"강의하시는데 ~~궁 ~~궁 해서 추천합니다","createdAt":"2023.03.10.18:52:36","modifiedAt":"2023.03.10.18:52:36","viewCount":1,"voteCount":0,"teacher":{"teacherId":1,"name":"홍길동","starPointAverage":0.0},"lecture":{"lectureId":1,"title":"강의 이름!","starPointAverage":0.0},"member":{"memberId":1,"email":"ghdrlfehd@gmail.com","displayName":"홍길동","password":"1111","iconImageUrl":"IconUrl","createdAt":"2023.03.10.18:52:36","roles":[],"memberStatus":"MEMBER_ACTIVE","questions":[],"answers":[],"questionVotes":[],"answerVotes":[]}},{"lectureReviewId":1,"title":"이 강의 추천합니다!","starPoint":5,"content":"강의하시는데 ~~궁 ~~궁 해서 추천합니다","createdAt":"2023.03.10.18:52:36","modifiedAt":"2023.03.10.18:52:36","viewCount":1,"voteCount":0,"teacher":{"teacherId":1,"name":"홍길동","starPointAverage":0.0},"lecture":{"lectureId":1,"title":"강의 이름!","starPointAverage":0.0},"member":{"memberId":1,"email":"ghdrlfehd@gmail.com","displayName":"홍길동","password":"1111","iconImageUrl":"IconUrl","createdAt":"2023.03.10.18:52:36","roles":[],"memberStatus":"MEMBER_ACTIVE","questions":[],"answers":[],"questionVotes":[],"answerVotes":[]}},{"lectureReviewId":1,"title":"이 강의 추천합니다!","starPoint":5,"content":"강의하시는데 ~~궁 ~~궁 해서 추천합니다","createdAt":"2023.03.10.18:52:36","modifiedAt":"2023.03.10.18:52:36","viewCount":1,"voteCount":0,"teacher":{"teacherId":1,"name":"홍길동","starPointAverage":0.0},"lecture":{"lectureId":1,"title":"강의 이름!","starPointAverage":0.0},"member":{"memberId":1,"email":"ghdrlfehd@gmail.com","displayName":"홍길동","password":"1111","iconImageUrl":"IconUrl","createdAt":"2023.03.10.18:52:36","roles":[],"memberStatus":"MEMBER_ACTIVE","questions":[],"answers":[],"questionVotes":[],"answerVotes":[]}},{"lectureReviewId":1,"title":"이 강의 추천합니다!","starPoint":5,"content":"강의하시는데 ~~궁 ~~궁 해서 추천합니다","createdAt":"2023.03.10.18:52:36","modifiedAt":"2023.03.10.18:52:36","viewCount":1,"voteCount":0,"teacher":{"teacherId":1,"name":"홍길동","starPointAverage":0.0},"lecture":{"lectureId":1,"title":"강의 이름!","starPointAverage":0.0},"member":{"memberId":1,"email":"ghdrlfehd@gmail.com","displayName":"홍길동","password":"1111","iconImageUrl":"IconUrl","createdAt":"2023.03.10.18:52:36","roles":[],"memberStatus":"MEMBER_ACTIVE","questions":[],"answers":[],"questionVotes":[],"answerVotes":[]}},{"lectureReviewId":1,"title":"이 강의 추천합니다!","starPoint":5,"content":"강의하시는데 ~~궁 ~~궁 해서 추천합니다","createdAt":"2023.03.10.18:52:36","modifiedAt":"2023.03.10.18:52:36","viewCount":1,"voteCount":0,"teacher":{"teacherId":1,"name":"홍길동","starPointAverage":0.0},"lecture":{"lectureId":1,"title":"강의 이름!","starPointAverage":0.0},"member":{"memberId":1,"email":"ghdrlfehd@gmail.com","displayName":"홍길동","password":"1111","iconImageUrl":"IconUrl","createdAt":"2023.03.10.18:52:36","roles":[],"memberStatus":"MEMBER_ACTIVE","questions":[],"answers":[],"questionVotes":[],"answerVotes":[]}},{"lectureReviewId":1,"title":"이 강의 추천합니다!","starPoint":5,"content":"강의하시는데 ~~궁 ~~궁 해서 추천합니다","createdAt":"2023.03.10.18:52:36","modifiedAt":"2023.03.10.18:52:36","viewCount":1,"voteCount":0,"teacher":{"teacherId":1,"name":"홍길동","starPointAverage":0.0},"lecture":{"lectureId":1,"title":"강의 이름!","starPointAverage":0.0},"member":{"memberId":1,"email":"ghdrlfehd@gmail.com","displayName":"홍길동","password":"1111","iconImageUrl":"IconUrl","createdAt":"2023.03.10.18:52:36","roles":[],"memberStatus":"MEMBER_ACTIVE","questions":[],"answers":[],"questionVotes":[],"answerVotes":[]}}]},{"lectureId":1,"title":"강의 타이틀명!","status":"진행중","lectureReviews":[{"lectureReviewId":1,"title":"이 강의 추천합니다!","starPoint":5,"content":"강의하시는데 ~~궁 ~~궁 해서 추천합니다","createdAt":"2023.03.10.18:52:36","modifiedAt":"2023.03.10.18:52:36","viewCount":1,"voteCount":0,"teacher":{"teacherId":1,"name":"홍길동","starPointAverage":0.0},"lecture":{"lectureId":1,"title":"강의 이름!","starPointAverage":0.0},"member":{"memberId":1,"email":"ghdrlfehd@gmail.com","displayName":"홍길동","password":"1111","iconImageUrl":"IconUrl","createdAt":"2023.03.10.18:52:36","roles":[],"memberStatus":"MEMBER_ACTIVE","questions":[],"answers":[],"questionVotes":[],"answerVotes":[]}},{"lectureReviewId":1,"title":"이 강의 추천합니다!","starPoint":5,"content":"강의하시는데 ~~궁 ~~궁 해서 추천합니다","createdAt":"2023.03.10.18:52:36","modifiedAt":"2023.03.10.18:52:36","viewCount":1,"voteCount":0,"teacher":{"teacherId":1,"name":"홍길동","starPointAverage":0.0},"lecture":{"lectureId":1,"title":"강의 이름!","starPointAverage":0.0},"member":{"memberId":1,"email":"ghdrlfehd@gmail.com","displayName":"홍길동","password":"1111","iconImageUrl":"IconUrl","createdAt":"2023.03.10.18:52:36","roles":[],"memberStatus":"MEMBER_ACTIVE","questions":[],"answers":[],"questionVotes":[],"answerVotes":[]}},{"lectureReviewId":1,"title":"이 강의 추천합니다!","starPoint":5,"content":"강의하시는데 ~~궁 ~~궁 해서 추천합니다","createdAt":"2023.03.10.18:52:36","modifiedAt":"2023.03.10.18:52:36","viewCount":1,"voteCount":0,"teacher":{"teacherId":1,"name":"홍길동","starPointAverage":0.0},"lecture":{"lectureId":1,"title":"강의 이름!","starPointAverage":0.0},"member":{"memberId":1,"email":"ghdrlfehd@gmail.com","displayName":"홍길동","password":"1111","iconImageUrl":"IconUrl","createdAt":"2023.03.10.18:52:36","roles":[],"memberStatus":"MEMBER_ACTIVE","questions":[],"answers":[],"questionVotes":[],"answerVotes":[]}},{"lectureReviewId":1,"title":"이 강의 추천합니다!","starPoint":5,"content":"강의하시는데 ~~궁 ~~궁 해서 추천합니다","createdAt":"2023.03.10.18:52:36","modifiedAt":"2023.03.10.18:52:36","viewCount":1,"voteCount":0,"teacher":{"teacherId":1,"name":"홍길동","starPointAverage":0.0},"lecture":{"lectureId":1,"title":"강의 이름!","starPointAverage":0.0},"member":{"memberId":1,"email":"ghdrlfehd@gmail.com","displayName":"홍길동","password":"1111","iconImageUrl":"IconUrl","createdAt":"2023.03.10.18:52:36","roles":[],"memberStatus":"MEMBER_ACTIVE","questions":[],"answers":[],"questionVotes":[],"answerVotes":[]}},{"lectureReviewId":1,"title":"이 강의 추천합니다!","starPoint":5,"content":"강의하시는데 ~~궁 ~~궁 해서 추천합니다","createdAt":"2023.03.10.18:52:36","modifiedAt":"2023.03.10.18:52:36","viewCount":1,"voteCount":0,"teacher":{"teacherId":1,"name":"홍길동","starPointAverage":0.0},"lecture":{"lectureId":1,"title":"강의 이름!","starPointAverage":0.0},"member":{"memberId":1,"email":"ghdrlfehd@gmail.com","displayName":"홍길동","password":"1111","iconImageUrl":"IconUrl","createdAt":"2023.03.10.18:52:36","roles":[],"memberStatus":"MEMBER_ACTIVE","questions":[],"answers":[],"questionVotes":[],"answerVotes":[]}},{"lectureReviewId":1,"title":"이 강의 추천합니다!","starPoint":5,"content":"강의하시는데 ~~궁 ~~궁 해서 추천합니다","createdAt":"2023.03.10.18:52:36","modifiedAt":"2023.03.10.18:52:36","viewCount":1,"voteCount":0,"teacher":{"teacherId":1,"name":"홍길동","starPointAverage":0.0},"lecture":{"lectureId":1,"title":"강의 이름!","starPointAverage":0.0},"member":{"memberId":1,"email":"ghdrlfehd@gmail.com","displayName":"홍길동","password":"1111","iconImageUrl":"IconUrl","createdAt":"2023.03.10.18:52:36","roles":[],"memberStatus":"MEMBER_ACTIVE","questions":[],"answers":[],"questionVotes":[],"answerVotes":[]}},{"lectureReviewId":1,"title":"이 강의 추천합니다!","starPoint":5,"content":"강의하시는데 ~~궁 ~~궁 해서 추천합니다","createdAt":"2023.03.10.18:52:36","modifiedAt":"2023.03.10.18:52:36","viewCount":1,"voteCount":0,"teacher":{"teacherId":1,"name":"홍길동","starPointAverage":0.0},"lecture":{"lectureId":1,"title":"강의 이름!","starPointAverage":0.0},"member":{"memberId":1,"email":"ghdrlfehd@gmail.com","displayName":"홍길동","password":"1111","iconImageUrl":"IconUrl","createdAt":"2023.03.10.18:52:36","roles":[],"memberStatus":"MEMBER_ACTIVE","questions":[],"answers":[],"questionVotes":[],"answerVotes":[]}},{"lectureReviewId":1,"title":"이 강의 추천합니다!","starPoint":5,"content":"강의하시는데 ~~궁 ~~궁 해서 추천합니다","createdAt":"2023.03.10.18:52:36","modifiedAt":"2023.03.10.18:52:36","viewCount":1,"voteCount":0,"teacher":{"teacherId":1,"name":"홍길동","starPointAverage":0.0},"lecture":{"lectureId":1,"title":"강의 이름!","starPointAverage":0.0},"member":{"memberId":1,"email":"ghdrlfehd@gmail.com","displayName":"홍길동","password":"1111","iconImageUrl":"IconUrl","createdAt":"2023.03.10.18:52:36","roles":[],"memberStatus":"MEMBER_ACTIVE","questions":[],"answers":[],"questionVotes":[],"answerVotes":[]}}]},{"lectureId":1,"title":"강의 타이틀명!","status":"진행중","lectureReviews":[{"lectureReviewId":1,"title":"이 강의 추천합니다!","starPoint":5,"content":"강의하시는데 ~~궁 ~~궁 해서 추천합니다","createdAt":"2023.03.10.18:52:36","modifiedAt":"2023.03.10.18:52:36","viewCount":1,"voteCount":0,"teacher":{"teacherId":1,"name":"홍길동","starPointAverage":0.0},"lecture":{"lectureId":1,"title":"강의 이름!","starPointAverage":0.0},"member":{"memberId":1,"email":"ghdrlfehd@gmail.com","displayName":"홍길동","password":"1111","iconImageUrl":"IconUrl","createdAt":"2023.03.10.18:52:36","roles":[],"memberStatus":"MEMBER_ACTIVE","questions":[],"answers":[],"questionVotes":[],"answerVotes":[]}},{"lectureReviewId":1,"title":"이 강의 추천합니다!","starPoint":5,"content":"강의하시는데 ~~궁 ~~궁 해서 추천합니다","createdAt":"2023.03.10.18:52:36","modifiedAt":"2023.03.10.18:52:36","viewCount":1,"voteCount":0,"teacher":{"teacherId":1,"name":"홍길동","starPointAverage":0.0},"lecture":{"lectureId":1,"title":"강의 이름!","starPointAverage":0.0},"member":{"memberId":1,"email":"ghdrlfehd@gmail.com","displayName":"홍길동","password":"1111","iconImageUrl":"IconUrl","createdAt":"2023.03.10.18:52:36","roles":[],"memberStatus":"MEMBER_ACTIVE","questions":[],"answers":[],"questionVotes":[],"answerVotes":[]}},{"lectureReviewId":1,"title":"이 강의 추천합니다!","starPoint":5,"content":"강의하시는데 ~~궁 ~~궁 해서 추천합니다","createdAt":"2023.03.10.18:52:36","modifiedAt":"2023.03.10.18:52:36","viewCount":1,"voteCount":0,"teacher":{"teacherId":1,"name":"홍길동","starPointAverage":0.0},"lecture":{"lectureId":1,"title":"강의 이름!","starPointAverage":0.0},"member":{"memberId":1,"email":"ghdrlfehd@gmail.com","displayName":"홍길동","password":"1111","iconImageUrl":"IconUrl","createdAt":"2023.03.10.18:52:36","roles":[],"memberStatus":"MEMBER_ACTIVE","questions":[],"answers":[],"questionVotes":[],"answerVotes":[]}},{"lectureReviewId":1,"title":"이 강의 추천합니다!","starPoint":5,"content":"강의하시는데 ~~궁 ~~궁 해서 추천합니다","createdAt":"2023.03.10.18:52:36","modifiedAt":"2023.03.10.18:52:36","viewCount":1,"voteCount":0,"teacher":{"teacherId":1,"name":"홍길동","starPointAverage":0.0},"lecture":{"lectureId":1,"title":"강의 이름!","starPointAverage":0.0},"member":{"memberId":1,"email":"ghdrlfehd@gmail.com","displayName":"홍길동","password":"1111","iconImageUrl":"IconUrl","createdAt":"2023.03.10.18:52:36","roles":[],"memberStatus":"MEMBER_ACTIVE","questions":[],"answers":[],"questionVotes":[],"answerVotes":[]}},{"lectureReviewId":1,"title":"이 강의 추천합니다!","starPoint":5,"content":"강의하시는데 ~~궁 ~~궁 해서 추천합니다","createdAt":"2023.03.10.18:52:36","modifiedAt":"2023.03.10.18:52:36","viewCount":1,"voteCount":0,"teacher":{"teacherId":1,"name":"홍길동","starPointAverage":0.0},"lecture":{"lectureId":1,"title":"강의 이름!","starPointAverage":0.0},"member":{"memberId":1,"email":"ghdrlfehd@gmail.com","displayName":"홍길동","password":"1111","iconImageUrl":"IconUrl","createdAt":"2023.03.10.18:52:36","roles":[],"memberStatus":"MEMBER_ACTIVE","questions":[],"answers":[],"questionVotes":[],"answerVotes":[]}},{"lectureReviewId":1,"title":"이 강의 추천합니다!","starPoint":5,"content":"강의하시는데 ~~궁 ~~궁 해서 추천합니다","createdAt":"2023.03.10.18:52:36","modifiedAt":"2023.03.10.18:52:36","viewCount":1,"voteCount":0,"teacher":{"teacherId":1,"name":"홍길동","starPointAverage":0.0},"lecture":{"lectureId":1,"title":"강의 이름!","starPointAverage":0.0},"member":{"memberId":1,"email":"ghdrlfehd@gmail.com","displayName":"홍길동","password":"1111","iconImageUrl":"IconUrl","createdAt":"2023.03.10.18:52:36","roles":[],"memberStatus":"MEMBER_ACTIVE","questions":[],"answers":[],"questionVotes":[],"answerVotes":[]}},{"lectureReviewId":1,"title":"이 강의 추천합니다!","starPoint":5,"content":"강의하시는데 ~~궁 ~~궁 해서 추천합니다","createdAt":"2023.03.10.18:52:36","modifiedAt":"2023.03.10.18:52:36","viewCount":1,"voteCount":0,"teacher":{"teacherId":1,"name":"홍길동","starPointAverage":0.0},"lecture":{"lectureId":1,"title":"강의 이름!","starPointAverage":0.0},"member":{"memberId":1,"email":"ghdrlfehd@gmail.com","displayName":"홍길동","password":"1111","iconImageUrl":"IconUrl","createdAt":"2023.03.10.18:52:36","roles":[],"memberStatus":"MEMBER_ACTIVE","questions":[],"answers":[],"questionVotes":[],"answerVotes":[]}},{"lectureReviewId":1,"title":"이 강의 추천합니다!","starPoint":5,"content":"강의하시는데 ~~궁 ~~궁 해서 추천합니다","createdAt":"2023.03.10.18:52:36","modifiedAt":"2023.03.10.18:52:36","viewCount":1,"voteCount":0,"teacher":{"teacherId":1,"name":"홍길동","starPointAverage":0.0},"lecture":{"lectureId":1,"title":"강의 이름!","starPointAverage":0.0},"member":{"memberId":1,"email":"ghdrlfehd@gmail.com","displayName":"홍길동","password":"1111","iconImageUrl":"IconUrl","createdAt":"2023.03.10.18:52:36","roles":[],"memberStatus":"MEMBER_ACTIVE","questions":[],"answers":[],"questionVotes":[],"answerVotes":[]}}]},{"lectureId":1,"title":"강의 타이틀명!","status":"진행중","lectureReviews":[{"lectureReviewId":1,"title":"이 강의 추천합니다!","starPoint":5,"content":"강의하시는데 ~~궁 ~~궁 해서 추천합니다","createdAt":"2023.03.10.18:52:36","modifiedAt":"2023.03.10.18:52:36","viewCount":1,"voteCount":0,"teacher":{"teacherId":1,"name":"홍길동","starPointAverage":0.0},"lecture":{"lectureId":1,"title":"강의 이름!","starPointAverage":0.0},"member":{"memberId":1,"email":"ghdrlfehd@gmail.com","displayName":"홍길동","password":"1111","iconImageUrl":"IconUrl","createdAt":"2023.03.10.18:52:36","roles":[],"memberStatus":"MEMBER_ACTIVE","questions":[],"answers":[],"questionVotes":[],"answerVotes":[]}},{"lectureReviewId":1,"title":"이 강의 추천합니다!","starPoint":5,"content":"강의하시는데 ~~궁 ~~궁 해서 추천합니다","createdAt":"2023.03.10.18:52:36","modifiedAt":"2023.03.10.18:52:36","viewCount":1,"voteCount":0,"teacher":{"teacherId":1,"name":"홍길동","starPointAverage":0.0},"lecture":{"lectureId":1,"title":"강의 이름!","starPointAverage":0.0},"member":{"memberId":1,"email":"ghdrlfehd@gmail.com","displayName":"홍길동","password":"1111","iconImageUrl":"IconUrl","createdAt":"2023.03.10.18:52:36","roles":[],"memberStatus":"MEMBER_ACTIVE","questions":[],"answers":[],"questionVotes":[],"answerVotes":[]}},{"lectureReviewId":1,"title":"이 강의 추천합니다!","starPoint":5,"content":"강의하시는데 ~~궁 ~~궁 해서 추천합니다","createdAt":"2023.03.10.18:52:36","modifiedAt":"2023.03.10.18:52:36","viewCount":1,"voteCount":0,"teacher":{"teacherId":1,"name":"홍길동","starPointAverage":0.0},"lecture":{"lectureId":1,"title":"강의 이름!","starPointAverage":0.0},"member":{"memberId":1,"email":"ghdrlfehd@gmail.com","displayName":"홍길동","password":"1111","iconImageUrl":"IconUrl","createdAt":"2023.03.10.18:52:36","roles":[],"memberStatus":"MEMBER_ACTIVE","questions":[],"answers":[],"questionVotes":[],"answerVotes":[]}},{"lectureReviewId":1,"title":"이 강의 추천합니다!","starPoint":5,"content":"강의하시는데 ~~궁 ~~궁 해서 추천합니다","createdAt":"2023.03.10.18:52:36","modifiedAt":"2023.03.10.18:52:36","viewCount":1,"voteCount":0,"teacher":{"teacherId":1,"name":"홍길동","starPointAverage":0.0},"lecture":{"lectureId":1,"title":"강의 이름!","starPointAverage":0.0},"member":{"memberId":1,"email":"ghdrlfehd@gmail.com","displayName":"홍길동","password":"1111","iconImageUrl":"IconUrl","createdAt":"2023.03.10.18:52:36","roles":[],"memberStatus":"MEMBER_ACTIVE","questions":[],"answers":[],"questionVotes":[],"answerVotes":[]}},{"lectureReviewId":1,"title":"이 강의 추천합니다!","starPoint":5,"content":"강의하시는데 ~~궁 ~~궁 해서 추천합니다","createdAt":"2023.03.10.18:52:36","modifiedAt":"2023.03.10.18:52:36","viewCount":1,"voteCount":0,"teacher":{"teacherId":1,"name":"홍길동","starPointAverage":0.0},"lecture":{"lectureId":1,"title":"강의 이름!","starPointAverage":0.0},"member":{"memberId":1,"email":"ghdrlfehd@gmail.com","displayName":"홍길동","password":"1111","iconImageUrl":"IconUrl","createdAt":"2023.03.10.18:52:36","roles":[],"memberStatus":"MEMBER_ACTIVE","questions":[],"answers":[],"questionVotes":[],"answerVotes":[]}},{"lectureReviewId":1,"title":"이 강의 추천합니다!","starPoint":5,"content":"강의하시는데 ~~궁 ~~궁 해서 추천합니다","createdAt":"2023.03.10.18:52:36","modifiedAt":"2023.03.10.18:52:36","viewCount":1,"voteCount":0,"teacher":{"teacherId":1,"name":"홍길동","starPointAverage":0.0},"lecture":{"lectureId":1,"title":"강의 이름!","starPointAverage":0.0},"member":{"memberId":1,"email":"ghdrlfehd@gmail.com","displayName":"홍길동","password":"1111","iconImageUrl":"IconUrl","createdAt":"2023.03.10.18:52:36","roles":[],"memberStatus":"MEMBER_ACTIVE","questions":[],"answers":[],"questionVotes":[],"answerVotes":[]}},{"lectureReviewId":1,"title":"이 강의 추천합니다!","starPoint":5,"content":"강의하시는데 ~~궁 ~~궁 해서 추천합니다","createdAt":"2023.03.10.18:52:36","modifiedAt":"2023.03.10.18:52:36","viewCount":1,"voteCount":0,"teacher":{"teacherId":1,"name":"홍길동","starPointAverage":0.0},"lecture":{"lectureId":1,"title":"강의 이름!","starPointAverage":0.0},"member":{"memberId":1,"email":"ghdrlfehd@gmail.com","displayName":"홍길동","password":"1111","iconImageUrl":"IconUrl","createdAt":"2023.03.10.18:52:36","roles":[],"memberStatus":"MEMBER_ACTIVE","questions":[],"answers":[],"questionVotes":[],"answerVotes":[]}},{"lectureReviewId":1,"title":"이 강의 추천합니다!","starPoint":5,"content":"강의하시는데 ~~궁 ~~궁 해서 추천합니다","createdAt":"2023.03.10.18:52:36","modifiedAt":"2023.03.10.18:52:36","viewCount":1,"voteCount":0,"teacher":{"teacherId":1,"name":"홍길동","starPointAverage":0.0},"lecture":{"lectureId":1,"title":"강의 이름!","starPointAverage":0.0},"member":{"memberId":1,"email":"ghdrlfehd@gmail.com","displayName":"홍길동","password":"1111","iconImageUrl":"IconUrl","createdAt":"2023.03.10.18:52:36","roles":[],"memberStatus":"MEMBER_ACTIVE","questions":[],"answers":[],"questionVotes":[],"answerVotes":[]}}]},{"lectureId":1,"title":"강의 타이틀명!","status":"진행중","lectureReviews":[{"lectureReviewId":1,"title":"이 강의 추천합니다!","starPoint":5,"content":"강의하시는데 ~~궁 ~~궁 해서 추천합니다","createdAt":"2023.03.10.18:52:36","modifiedAt":"2023.03.10.18:52:36","viewCount":1,"voteCount":0,"teacher":{"teacherId":1,"name":"홍길동","starPointAverage":0.0},"lecture":{"lectureId":1,"title":"강의 이름!","starPointAverage":0.0},"member":{"memberId":1,"email":"ghdrlfehd@gmail.com","displayName":"홍길동","password":"1111","iconImageUrl":"IconUrl","createdAt":"2023.03.10.18:52:36","roles":[],"memberStatus":"MEMBER_ACTIVE","questions":[],"answers":[],"questionVotes":[],"answerVotes":[]}},{"lectureReviewId":1,"title":"이 강의 추천합니다!","starPoint":5,"content":"강의하시는데 ~~궁 ~~궁 해서 추천합니다","createdAt":"2023.03.10.18:52:36","modifiedAt":"2023.03.10.18:52:36","viewCount":1,"voteCount":0,"teacher":{"teacherId":1,"name":"홍길동","starPointAverage":0.0},"lecture":{"lectureId":1,"title":"강의 이름!","starPointAverage":0.0},"member":{"memberId":1,"email":"ghdrlfehd@gmail.com","displayName":"홍길동","password":"1111","iconImageUrl":"IconUrl","createdAt":"2023.03.10.18:52:36","roles":[],"memberStatus":"MEMBER_ACTIVE","questions":[],"answers":[],"questionVotes":[],"answerVotes":[]}},{"lectureReviewId":1,"title":"이 강의 추천합니다!","starPoint":5,"content":"강의하시는데 ~~궁 ~~궁 해서 추천합니다","createdAt":"2023.03.10.18:52:36","modifiedAt":"2023.03.10.18:52:36","viewCount":1,"voteCount":0,"teacher":{"teacherId":1,"name":"홍길동","starPointAverage":0.0},"lecture":{"lectureId":1,"title":"강의 이름!","starPointAverage":0.0},"member":{"memberId":1,"email":"ghdrlfehd@gmail.com","displayName":"홍길동","password":"1111","iconImageUrl":"IconUrl","createdAt":"2023.03.10.18:52:36","roles":[],"memberStatus":"MEMBER_ACTIVE","questions":[],"answers":[],"questionVotes":[],"answerVotes":[]}},{"lectureReviewId":1,"title":"이 강의 추천합니다!","starPoint":5,"content":"강의하시는데 ~~궁 ~~궁 해서 추천합니다","createdAt":"2023.03.10.18:52:36","modifiedAt":"2023.03.10.18:52:36","viewCount":1,"voteCount":0,"teacher":{"teacherId":1,"name":"홍길동","starPointAverage":0.0},"lecture":{"lectureId":1,"title":"강의 이름!","starPointAverage":0.0},"member":{"memberId":1,"email":"ghdrlfehd@gmail.com","displayName":"홍길동","password":"1111","iconImageUrl":"IconUrl","createdAt":"2023.03.10.18:52:36","roles":[],"memberStatus":"MEMBER_ACTIVE","questions":[],"answers":[],"questionVotes":[],"answerVotes":[]}},{"lectureReviewId":1,"title":"이 강의 추천합니다!","starPoint":5,"content":"강의하시는데 ~~궁 ~~궁 해서 추천합니다","createdAt":"2023.03.10.18:52:36","modifiedAt":"2023.03.10.18:52:36","viewCount":1,"voteCount":0,"teacher":{"teacherId":1,"name":"홍길동","starPointAverage":0.0},"lecture":{"lectureId":1,"title":"강의 이름!","starPointAverage":0.0},"member":{"memberId":1,"email":"ghdrlfehd@gmail.com","displayName":"홍길동","password":"1111","iconImageUrl":"IconUrl","createdAt":"2023.03.10.18:52:36","roles":[],"memberStatus":"MEMBER_ACTIVE","questions":[],"answers":[],"questionVotes":[],"answerVotes":[]}},{"lectureReviewId":1,"title":"이 강의 추천합니다!","starPoint":5,"content":"강의하시는데 ~~궁 ~~궁 해서 추천합니다","createdAt":"2023.03.10.18:52:36","modifiedAt":"2023.03.10.18:52:36","viewCount":1,"voteCount":0,"teacher":{"teacherId":1,"name":"홍길동","starPointAverage":0.0},"lecture":{"lectureId":1,"title":"강의 이름!","starPointAverage":0.0},"member":{"memberId":1,"email":"ghdrlfehd@gmail.com","displayName":"홍길동","password":"1111","iconImageUrl":"IconUrl","createdAt":"2023.03.10.18:52:36","roles":[],"memberStatus":"MEMBER_ACTIVE","questions":[],"answers":[],"questionVotes":[],"answerVotes":[]}},{"lectureReviewId":1,"title":"이 강의 추천합니다!","starPoint":5,"content":"강의하시는데 ~~궁 ~~궁 해서 추천합니다","createdAt":"2023.03.10.18:52:36","modifiedAt":"2023.03.10.18:52:36","viewCount":1,"voteCount":0,"teacher":{"teacherId":1,"name":"홍길동","starPointAverage":0.0},"lecture":{"lectureId":1,"title":"강의 이름!","starPointAverage":0.0},"member":{"memberId":1,"email":"ghdrlfehd@gmail.com","displayName":"홍길동","password":"1111","iconImageUrl":"IconUrl","createdAt":"2023.03.10.18:52:36","roles":[],"memberStatus":"MEMBER_ACTIVE","questions":[],"answers":[],"questionVotes":[],"answerVotes":[]}},{"lectureReviewId":1,"title":"이 강의 추천합니다!","starPoint":5,"content":"강의하시는데 ~~궁 ~~궁 해서 추천합니다","createdAt":"2023.03.10.18:52:36","modifiedAt":"2023.03.10.18:52:36","viewCount":1,"voteCount":0,"teacher":{"teacherId":1,"name":"홍길동","starPointAverage":0.0},"lecture":{"lectureId":1,"title":"강의 이름!","starPointAverage":0.0},"member":{"memberId":1,"email":"ghdrlfehd@gmail.com","displayName":"홍길동","password":"1111","iconImageUrl":"IconUrl","createdAt":"2023.03.10.18:52:36","roles":[],"memberStatus":"MEMBER_ACTIVE","questions":[],"answers":[],"questionVotes":[],"answerVotes":[]}}]}]}}
    Forwarded URL = null
   Redirected URL = null
          Cookies = []
]]></system-out>
  <system-err><![CDATA[]]></system-err>
</testsuite>
