<?xml version="1.0" encoding="UTF-8"?>
<testsuite name="ynzmz.server.ServerApplicationTests" tests="1" skipped="0" failures="0" errors="0" timestamp="2023-03-19T10:18:35" hostname="gimminhoui-MacBookPro.local" time="0.048">
  <properties/>
  <testcase name="contextLoads()" classname="ynzmz.server.ServerApplicationTests" time="0.048"/>
  <system-out><![CDATA[19:18:31.960 [Test worker] DEBUG org.springframework.test.context.BootstrapUtils - Instantiating CacheAwareContextLoaderDelegate from class [org.springframework.test.context.cache.DefaultCacheAwareContextLoaderDelegate]
19:18:31.966 [Test worker] DEBUG org.springframework.test.context.BootstrapUtils - Instantiating BootstrapContext using constructor [public org.springframework.test.context.support.DefaultBootstrapContext(java.lang.Class,org.springframework.test.context.CacheAwareContextLoaderDelegate)]
19:18:31.984 [Test worker] DEBUG org.springframework.test.context.BootstrapUtils - Instantiating TestContextBootstrapper for test class [ynzmz.server.ServerApplicationTests] from class [org.springframework.boot.test.context.SpringBootTestContextBootstrapper]
19:18:31.990 [Test worker] INFO org.springframework.boot.test.context.SpringBootTestContextBootstrapper - Neither @ContextConfiguration nor @ContextHierarchy found for test class [ynzmz.server.ServerApplicationTests], using SpringBootContextLoader
19:18:31.992 [Test worker] DEBUG org.springframework.test.context.support.AbstractContextLoader - Did not detect default resource location for test class [ynzmz.server.ServerApplicationTests]: class path resource [ynzmz/server/ServerApplicationTests-context.xml] does not exist
19:18:31.992 [Test worker] DEBUG org.springframework.test.context.support.AbstractContextLoader - Did not detect default resource location for test class [ynzmz.server.ServerApplicationTests]: class path resource [ynzmz/server/ServerApplicationTestsContext.groovy] does not exist
19:18:31.992 [Test worker] INFO org.springframework.test.context.support.AbstractContextLoader - Could not detect default resource locations for test class [ynzmz.server.ServerApplicationTests]: no resource found for suffixes {-context.xml, Context.groovy}.
19:18:31.992 [Test worker] INFO org.springframework.test.context.support.AnnotationConfigContextLoaderUtils - Could not detect default configuration classes for test class [ynzmz.server.ServerApplicationTests]: ServerApplicationTests does not declare any static, non-private, non-final, nested classes annotated with @Configuration.
19:18:32.012 [Test worker] DEBUG org.springframework.test.context.support.ActiveProfilesUtils - Could not find an 'annotation declaring class' for annotation type [org.springframework.test.context.ActiveProfiles] and class [ynzmz.server.ServerApplicationTests]
19:18:32.038 [Test worker] DEBUG org.springframework.context.annotation.ClassPathScanningCandidateComponentProvider - Identified candidate component class: file [/Users/mino/codestates/seb42_main_027/server/build/classes/java/main/ynzmz/server/ServerApplication.class]
19:18:32.043 [Test worker] INFO org.springframework.boot.test.context.SpringBootTestContextBootstrapper - Found @SpringBootConfiguration ynzmz.server.ServerApplication for test class ynzmz.server.ServerApplicationTests
19:18:32.100 [Test worker] DEBUG org.springframework.boot.test.context.SpringBootTestContextBootstrapper - @TestExecutionListeners is not present for class [ynzmz.server.ServerApplicationTests]: using defaults.
19:18:32.101 [Test worker] INFO org.springframework.boot.test.context.SpringBootTestContextBootstrapper - Loaded default TestExecutionListener class names from location [META-INF/spring.factories]: [org.springframework.security.test.context.support.WithSecurityContextTestExecutionListener, org.springframework.security.test.context.support.ReactorContextTestExecutionListener, org.springframework.boot.test.autoconfigure.restdocs.RestDocsTestExecutionListener, org.springframework.boot.test.autoconfigure.web.client.MockRestServiceServerResetTestExecutionListener, org.springframework.boot.test.autoconfigure.web.servlet.MockMvcPrintOnlyOnFailureTestExecutionListener, org.springframework.boot.test.autoconfigure.web.servlet.WebDriverTestExecutionListener, org.springframework.boot.test.autoconfigure.webservices.client.MockWebServiceServerTestExecutionListener, org.springframework.boot.test.mock.mockito.MockitoTestExecutionListener, org.springframework.boot.test.mock.mockito.ResetMocksTestExecutionListener, org.springframework.test.context.web.ServletTestExecutionListener, org.springframework.test.context.support.DirtiesContextBeforeModesTestExecutionListener, org.springframework.test.context.event.ApplicationEventsTestExecutionListener, org.springframework.test.context.support.DependencyInjectionTestExecutionListener, org.springframework.test.context.support.DirtiesContextTestExecutionListener, org.springframework.test.context.transaction.TransactionalTestExecutionListener, org.springframework.test.context.jdbc.SqlScriptsTestExecutionListener, org.springframework.test.context.event.EventPublishingTestExecutionListener]
19:18:32.110 [Test worker] INFO org.springframework.boot.test.context.SpringBootTestContextBootstrapper - Using TestExecutionListeners: [org.springframework.test.context.web.ServletTestExecutionListener@58dea0a5, org.springframework.test.context.support.DirtiesContextBeforeModesTestExecutionListener@2a2bb0eb, org.springframework.test.context.event.ApplicationEventsTestExecutionListener@3c291aad, org.springframework.boot.test.mock.mockito.MockitoTestExecutionListener@2d0566ba, org.springframework.boot.test.autoconfigure.SpringBootDependencyInjectionTestExecutionListener@733037, org.springframework.test.context.support.DirtiesContextTestExecutionListener@7728643a, org.springframework.test.context.transaction.TransactionalTestExecutionListener@320e400, org.springframework.test.context.jdbc.SqlScriptsTestExecutionListener@5167268, org.springframework.security.test.context.support.WithSecurityContextTestExecutionListener@1cfd1875, org.springframework.test.context.event.EventPublishingTestExecutionListener@28c0b664, org.springframework.security.test.context.support.ReactorContextTestExecutionListener@2c444798, org.springframework.boot.test.autoconfigure.restdocs.RestDocsTestExecutionListener@1af7f54a, org.springframework.boot.test.autoconfigure.web.client.MockRestServiceServerResetTestExecutionListener@6ebd78d1, org.springframework.boot.test.autoconfigure.web.servlet.MockMvcPrintOnlyOnFailureTestExecutionListener@436390f4, org.springframework.boot.test.autoconfigure.web.servlet.WebDriverTestExecutionListener@4d157787, org.springframework.boot.test.autoconfigure.webservices.client.MockWebServiceServerTestExecutionListener@68ed96ca, org.springframework.boot.test.mock.mockito.ResetMocksTestExecutionListener@6d1310f6]
19:18:32.112 [Test worker] DEBUG org.springframework.test.context.support.AbstractDirtiesContextTestExecutionListener - Before test class: context [DefaultTestContext@60afd40d testClass = ServerApplicationTests, testInstance = [null], testMethod = [null], testException = [null], mergedContextConfiguration = [WebMergedContextConfiguration@28a2a3e7 testClass = ServerApplicationTests, locations = '{}', classes = '{class ynzmz.server.ServerApplication}', contextInitializerClasses = '[]', activeProfiles = '{}', propertySourceLocations = '{}', propertySourceProperties = '{org.springframework.boot.test.context.SpringBootTestContextBootstrapper=true}', contextCustomizers = set[org.springframework.boot.test.autoconfigure.actuate.metrics.MetricsExportContextCustomizerFactory$DisableMetricExportContextCustomizer@1021f6c9, org.springframework.boot.test.autoconfigure.properties.PropertyMappingContextCustomizer@0, org.springframework.boot.test.autoconfigure.web.servlet.WebDriverContextCustomizerFactory$Customizer@4c398c80, org.springframework.boot.test.context.filter.ExcludeFilterContextCustomizer@29df4d43, org.springframework.boot.test.json.DuplicateJsonObjectContextCustomizerFactory$DuplicateJsonObjectContextCustomizer@75f65e45, org.springframework.boot.test.mock.mockito.MockitoContextCustomizer@0, org.springframework.boot.test.web.client.TestRestTemplateContextCustomizer@2b5825fa, org.springframework.boot.test.context.SpringBootTestArgs@1, org.springframework.boot.test.context.SpringBootTestWebEnvironment@3e62d773], resourceBasePath = 'src/main/webapp', contextLoader = 'org.springframework.boot.test.context.SpringBootContextLoader', parent = [null]], attributes = map['org.springframework.test.context.web.ServletTestExecutionListener.activateListener' -> true]], class annotated with @DirtiesContext [false] with mode [null].

  .   ____          _            __ _ _
 /\\ / ___'_ __ _ _(_)_ __  __ _ \ \ \ \
( ( )\___ | '_ | '_| | '_ \/ _` | \ \ \ \
 \\/  ___)| |_)| | | | | || (_| |  ) ) ) )
  '  |____| .__|_| |_|_| |_\__, | / / / /
 =========|_|==============|___/=/_/_/_/
 :: Spring Boot ::                (v2.7.9)

2023-03-19 19:18:32.325  INFO 71211 --- [    Test worker] ynzmz.server.ServerApplicationTests      : Starting ServerApplicationTests using Java 11.0.17 on gimminhoui-MacBookPro.local with PID 71211 (started by mino in /Users/mino/codestates/seb42_main_027/server)
2023-03-19 19:18:32.325  INFO 71211 --- [    Test worker] ynzmz.server.ServerApplicationTests      : The following 1 profile is active: "server"
2023-03-19 19:18:32.735  INFO 71211 --- [    Test worker] .s.d.r.c.RepositoryConfigurationDelegate : Bootstrapping Spring Data JPA repositories in DEFAULT mode.
2023-03-19 19:18:32.798  INFO 71211 --- [    Test worker] .s.d.r.c.RepositoryConfigurationDelegate : Finished Spring Data repository scanning in 60 ms. Found 25 JPA repository interfaces.
2023-03-19 19:18:33.053  INFO 71211 --- [    Test worker] com.zaxxer.hikari.HikariDataSource       : HikariPool-1 - Starting...
2023-03-19 19:18:33.395  INFO 71211 --- [    Test worker] com.zaxxer.hikari.HikariDataSource       : HikariPool-1 - Start completed.
2023-03-19 19:18:33.433  INFO 71211 --- [    Test worker] o.hibernate.jpa.internal.util.LogHelper  : HHH000204: Processing PersistenceUnitInfo [name: default]
2023-03-19 19:18:33.455  INFO 71211 --- [    Test worker] org.hibernate.Version                    : HHH000412: Hibernate ORM core version 5.6.15.Final
2023-03-19 19:18:33.543  INFO 71211 --- [    Test worker] o.hibernate.annotations.common.Version   : HCANN000001: Hibernate Commons Annotations {5.1.2.Final}
2023-03-19 19:18:33.599  INFO 71211 --- [    Test worker] org.hibernate.dialect.Dialect            : HHH000400: Using dialect: org.hibernate.dialect.MySQL8Dialect
2023-03-19 19:18:34.075  INFO 71211 --- [    Test worker] o.h.e.t.j.p.i.JtaPlatformInitiator       : HHH000490: Using JtaPlatform implementation: [org.hibernate.engine.transaction.jta.platform.internal.NoJtaPlatform]
2023-03-19 19:18:34.080  INFO 71211 --- [    Test worker] j.LocalContainerEntityManagerFactoryBean : Initialized JPA EntityManagerFactory for persistence unit 'default'
2023-03-19 19:18:34.774  INFO 71211 --- [    Test worker] o.s.s.web.DefaultSecurityFilterChain     : Will secure any request with [org.springframework.security.web.session.DisableEncodeUrlFilter@2f4bc3ff, org.springframework.security.web.context.request.async.WebAsyncManagerIntegrationFilter@2297c8bf, org.springframework.security.web.context.SecurityContextPersistenceFilter@11c372e9, org.springframework.security.web.header.HeaderWriterFilter@78977b59, org.springframework.web.filter.CorsFilter@63767d, org.springframework.web.filter.CorsFilter@63767d, org.springframework.security.web.authentication.logout.LogoutFilter@354baab2, ynzmz.server.security.auths.filter.JwtAuthenticationFilter@154fcedd, ynzmz.server.security.auths.filter.JwtVerificationFilter@34a06981, org.springframework.security.web.savedrequest.RequestCacheAwareFilter@58ec04f4, org.springframework.security.web.servletapi.SecurityContextHolderAwareRequestFilter@52b2713a, org.springframework.security.web.authentication.AnonymousAuthenticationFilter@458500d1, org.springframework.security.web.session.SessionManagementFilter@25c756f0, org.springframework.security.web.access.ExceptionTranslationFilter@359f3401, org.springframework.security.web.access.intercept.FilterSecurityInterceptor@289d9f0d]
2023-03-19 19:18:34.869  WARN 71211 --- [    Test worker] JpaBaseConfiguration$JpaWebConfiguration : spring.jpa.open-in-view is enabled by default. Therefore, database queries may be performed during view rendering. Explicitly configure spring.jpa.open-in-view to disable this warning
2023-03-19 19:18:35.143  INFO 71211 --- [    Test worker] ynzmz.server.ServerApplicationTests      : Started ServerApplicationTests in 3.006 seconds (JVM running for 3.651)
]]></system-out>
  <system-err><![CDATA[]]></system-err>
</testsuite>
