<?xml version="1.0" encoding="UTF-8"?>
<testsuite name="ynzmz.server.lecture.controller.LectureControllerTest" tests="5" skipped="0" failures="0" errors="0" timestamp="2023-03-16T06:37:41" hostname="gimminhoui-MacBookPro.local" time="0.229">
  <properties/>
  <testcase name="강의 상세 조회 테스트" classname="ynzmz.server.lecture.controller.LectureControllerTest" time="0.08"/>
  <testcase name="강의 삭제 테스트" classname="ynzmz.server.lecture.controller.LectureControllerTest" time="0.051"/>
  <testcase name="강의 등록 테스트" classname="ynzmz.server.lecture.controller.LectureControllerTest" time="0.041"/>
  <testcase name="강의 전체 조회 테스트" classname="ynzmz.server.lecture.controller.LectureControllerTest" time="0.031"/>
  <testcase name="강사 정보 수정 테스트" classname="ynzmz.server.lecture.controller.LectureControllerTest" time="0.021"/>
  <system-out><![CDATA[2023-03-16 15:37:41.489  INFO 16513 --- [    Test worker] .b.t.a.w.s.WebMvcTestContextBootstrapper : Neither @ContextConfiguration nor @ContextHierarchy found for test class [ynzmz.server.lecture.controller.LectureControllerTest], using SpringBootContextLoader
2023-03-16 15:37:41.490  INFO 16513 --- [    Test worker] o.s.t.c.support.AbstractContextLoader    : Could not detect default resource locations for test class [ynzmz.server.lecture.controller.LectureControllerTest]: no resource found for suffixes {-context.xml, Context.groovy}.
2023-03-16 15:37:41.491  INFO 16513 --- [    Test worker] t.c.s.AnnotationConfigContextLoaderUtils : Could not detect default configuration classes for test class [ynzmz.server.lecture.controller.LectureControllerTest]: LectureControllerTest does not declare any static, non-private, non-final, nested classes annotated with @Configuration.
2023-03-16 15:37:41.501  INFO 16513 --- [    Test worker] .b.t.c.SpringBootTestContextBootstrapper : Found @SpringBootConfiguration ynzmz.server.ServerApplication for test class ynzmz.server.lecture.controller.LectureControllerTest
2023-03-16 15:37:41.502  INFO 16513 --- [    Test worker] .b.t.a.w.s.WebMvcTestContextBootstrapper : Loaded default TestExecutionListener class names from location [META-INF/spring.factories]: [org.springframework.security.test.context.support.WithSecurityContextTestExecutionListener, org.springframework.security.test.context.support.ReactorContextTestExecutionListener, org.springframework.boot.test.autoconfigure.restdocs.RestDocsTestExecutionListener, org.springframework.boot.test.autoconfigure.web.client.MockRestServiceServerResetTestExecutionListener, org.springframework.boot.test.autoconfigure.web.servlet.MockMvcPrintOnlyOnFailureTestExecutionListener, org.springframework.boot.test.autoconfigure.web.servlet.WebDriverTestExecutionListener, org.springframework.boot.test.autoconfigure.webservices.client.MockWebServiceServerTestExecutionListener, org.springframework.boot.test.mock.mockito.MockitoTestExecutionListener, org.springframework.boot.test.mock.mockito.ResetMocksTestExecutionListener, org.springframework.test.context.web.ServletTestExecutionListener, org.springframework.test.context.support.DirtiesContextBeforeModesTestExecutionListener, org.springframework.test.context.event.ApplicationEventsTestExecutionListener, org.springframework.test.context.support.DependencyInjectionTestExecutionListener, org.springframework.test.context.support.DirtiesContextTestExecutionListener, org.springframework.test.context.transaction.TransactionalTestExecutionListener, org.springframework.test.context.jdbc.SqlScriptsTestExecutionListener, org.springframework.test.context.event.EventPublishingTestExecutionListener]
2023-03-16 15:37:41.503  INFO 16513 --- [    Test worker] .b.t.a.w.s.WebMvcTestContextBootstrapper : Using TestExecutionListeners: [org.springframework.test.context.web.ServletTestExecutionListener@1467dcd0, org.springframework.test.context.support.DirtiesContextBeforeModesTestExecutionListener@1ea6446b, org.springframework.test.context.event.ApplicationEventsTestExecutionListener@39d0775c, org.springframework.boot.test.mock.mockito.MockitoTestExecutionListener@40a1916d, org.springframework.boot.test.autoconfigure.SpringBootDependencyInjectionTestExecutionListener@6a8a54f5, org.springframework.test.context.support.DirtiesContextTestExecutionListener@4623c0d3, org.springframework.test.context.transaction.TransactionalTestExecutionListener@7c7335dc, org.springframework.test.context.jdbc.SqlScriptsTestExecutionListener@3095e9c6, org.springframework.security.test.context.support.WithSecurityContextTestExecutionListener@8802edd, org.springframework.test.context.event.EventPublishingTestExecutionListener@50fd4246, org.springframework.security.test.context.support.ReactorContextTestExecutionListener@35c55050, org.springframework.boot.test.autoconfigure.restdocs.RestDocsTestExecutionListener@2a0154f7, org.springframework.boot.test.autoconfigure.web.client.MockRestServiceServerResetTestExecutionListener@237e61ac, org.springframework.boot.test.autoconfigure.web.servlet.MockMvcPrintOnlyOnFailureTestExecutionListener@19abe8f7, org.springframework.boot.test.autoconfigure.web.servlet.WebDriverTestExecutionListener@6f36c42, org.springframework.boot.test.autoconfigure.webservices.client.MockWebServiceServerTestExecutionListener@26753687, org.springframework.boot.test.mock.mockito.ResetMocksTestExecutionListener@765650e4]

  .   ____          _            __ _ _
 /\\ / ___'_ __ _ _(_)_ __  __ _ \ \ \ \
( ( )\___ | '_ | '_| | '_ \/ _` | \ \ \ \
 \\/  ___)| |_)| | | | | || (_| |  ) ) ) )
  '  |____| .__|_| |_|_| |_\__, | / / / /
 =========|_|==============|___/=/_/_/_/
 :: Spring Boot ::                (v2.7.9)

2023-03-16 15:37:41.535  INFO 16513 --- [    Test worker] y.s.l.controller.LectureControllerTest   : Starting LectureControllerTest using Java 11.0.17 on gimminhoui-MacBookPro.local with PID 16513 (started by mino in /Users/mino/codestates/fork_seb42_main_027/server)
2023-03-16 15:37:41.536  INFO 16513 --- [    Test worker] y.s.l.controller.LectureControllerTest   : The following 1 profile is active: "server"
2023-03-16 15:37:41.913  WARN 16513 --- [    Test worker] .s.s.UserDetailsServiceAutoConfiguration : 

Using generated security password: 03297bf6-793c-4054-8dde-6348aecf931f

This generated password is for development use only. Your security configuration must be updated before running your application in production.

2023-03-16 15:37:41.936  INFO 16513 --- [    Test worker] o.s.s.web.DefaultSecurityFilterChain     : Will secure any request with [org.springframework.security.web.session.DisableEncodeUrlFilter@72c8af69, org.springframework.security.web.context.request.async.WebAsyncManagerIntegrationFilter@6d921d6b, org.springframework.security.web.context.SecurityContextPersistenceFilter@14fe2e62, org.springframework.security.web.header.HeaderWriterFilter@108ed58d, org.springframework.security.web.authentication.logout.LogoutFilter@2f7765f1, org.springframework.security.web.savedrequest.RequestCacheAwareFilter@1a48f55b, org.springframework.security.web.servletapi.SecurityContextHolderAwareRequestFilter@7c8c6922, org.springframework.security.web.authentication.AnonymousAuthenticationFilter@59464f08, org.springframework.security.web.session.SessionManagementFilter@e870441, org.springframework.security.web.access.ExceptionTranslationFilter@1c724957]
2023-03-16 15:37:41.968  INFO 16513 --- [    Test worker] o.s.b.t.m.w.SpringBootMockServletContext : Initializing Spring TestDispatcherServlet ''
2023-03-16 15:37:41.968  INFO 16513 --- [    Test worker] o.s.t.web.servlet.TestDispatcherServlet  : Initializing Servlet ''
2023-03-16 15:37:41.969  INFO 16513 --- [    Test worker] o.s.t.web.servlet.TestDispatcherServlet  : Completed initialization in 1 ms
2023-03-16 15:37:41.978  INFO 16513 --- [    Test worker] y.s.l.controller.LectureControllerTest   : Started LectureControllerTest in 0.472 seconds (JVM running for 6.547)
]]></system-out>
  <system-err><![CDATA[]]></system-err>
</testsuite>
