<?xml version="1.0" encoding="UTF-8"?>
<testsuite name="ynzmz.server.review.lecture.controller.LectureReviewControllerTest" tests="4" skipped="0" failures="0" errors="0" timestamp="2023-03-16T06:37:42" hostname="gimminhoui-MacBookPro.local" time="0.051">
  <properties/>
  <testcase name="리뷰글 삭제 테스트" classname="ynzmz.server.review.lecture.controller.LectureReviewControllerTest" time="0.006"/>
  <testcase name="강의 리뷰 등록 테스트" classname="ynzmz.server.review.lecture.controller.LectureReviewControllerTest" time="0.013"/>
  <testcase name="강의 리뷰 수정 테스트" classname="ynzmz.server.review.lecture.controller.LectureReviewControllerTest" time="0.012"/>
  <testcase name="리뷰글 상세 조회 테스트" classname="ynzmz.server.review.lecture.controller.LectureReviewControllerTest" time="0.017"/>
  <system-out><![CDATA[2023-03-16 15:37:42.215  INFO 16513 --- [    Test worker] .b.t.a.w.s.WebMvcTestContextBootstrapper : Neither @ContextConfiguration nor @ContextHierarchy found for test class [ynzmz.server.review.lecture.controller.LectureReviewControllerTest], using SpringBootContextLoader
2023-03-16 15:37:42.216  INFO 16513 --- [    Test worker] o.s.t.c.support.AbstractContextLoader    : Could not detect default resource locations for test class [ynzmz.server.review.lecture.controller.LectureReviewControllerTest]: no resource found for suffixes {-context.xml, Context.groovy}.
2023-03-16 15:37:42.216  INFO 16513 --- [    Test worker] t.c.s.AnnotationConfigContextLoaderUtils : Could not detect default configuration classes for test class [ynzmz.server.review.lecture.controller.LectureReviewControllerTest]: LectureReviewControllerTest does not declare any static, non-private, non-final, nested classes annotated with @Configuration.
2023-03-16 15:37:42.226  INFO 16513 --- [    Test worker] .b.t.c.SpringBootTestContextBootstrapper : Found @SpringBootConfiguration ynzmz.server.ServerApplication for test class ynzmz.server.review.lecture.controller.LectureReviewControllerTest
2023-03-16 15:37:42.227  INFO 16513 --- [    Test worker] .b.t.a.w.s.WebMvcTestContextBootstrapper : Loaded default TestExecutionListener class names from location [META-INF/spring.factories]: [org.springframework.security.test.context.support.WithSecurityContextTestExecutionListener, org.springframework.security.test.context.support.ReactorContextTestExecutionListener, org.springframework.boot.test.autoconfigure.restdocs.RestDocsTestExecutionListener, org.springframework.boot.test.autoconfigure.web.client.MockRestServiceServerResetTestExecutionListener, org.springframework.boot.test.autoconfigure.web.servlet.MockMvcPrintOnlyOnFailureTestExecutionListener, org.springframework.boot.test.autoconfigure.web.servlet.WebDriverTestExecutionListener, org.springframework.boot.test.autoconfigure.webservices.client.MockWebServiceServerTestExecutionListener, org.springframework.boot.test.mock.mockito.MockitoTestExecutionListener, org.springframework.boot.test.mock.mockito.ResetMocksTestExecutionListener, org.springframework.test.context.web.ServletTestExecutionListener, org.springframework.test.context.support.DirtiesContextBeforeModesTestExecutionListener, org.springframework.test.context.event.ApplicationEventsTestExecutionListener, org.springframework.test.context.support.DependencyInjectionTestExecutionListener, org.springframework.test.context.support.DirtiesContextTestExecutionListener, org.springframework.test.context.transaction.TransactionalTestExecutionListener, org.springframework.test.context.jdbc.SqlScriptsTestExecutionListener, org.springframework.test.context.event.EventPublishingTestExecutionListener]
2023-03-16 15:37:42.227  INFO 16513 --- [    Test worker] .b.t.a.w.s.WebMvcTestContextBootstrapper : Using TestExecutionListeners: [org.springframework.test.context.web.ServletTestExecutionListener@22eccd2c, org.springframework.test.context.support.DirtiesContextBeforeModesTestExecutionListener@ddca64d, org.springframework.test.context.event.ApplicationEventsTestExecutionListener@5d39797a, org.springframework.boot.test.mock.mockito.MockitoTestExecutionListener@6bc6400e, org.springframework.boot.test.autoconfigure.SpringBootDependencyInjectionTestExecutionListener@2f0765f7, org.springframework.test.context.support.DirtiesContextTestExecutionListener@47814094, org.springframework.test.context.transaction.TransactionalTestExecutionListener@51e513b7, org.springframework.test.context.jdbc.SqlScriptsTestExecutionListener@87affb5, org.springframework.security.test.context.support.WithSecurityContextTestExecutionListener@1c461b90, org.springframework.test.context.event.EventPublishingTestExecutionListener@518e6d6c, org.springframework.security.test.context.support.ReactorContextTestExecutionListener@280fa441, org.springframework.boot.test.autoconfigure.restdocs.RestDocsTestExecutionListener@77d771a2, org.springframework.boot.test.autoconfigure.web.client.MockRestServiceServerResetTestExecutionListener@5be17e53, org.springframework.boot.test.autoconfigure.web.servlet.MockMvcPrintOnlyOnFailureTestExecutionListener@79a68d4e, org.springframework.boot.test.autoconfigure.web.servlet.WebDriverTestExecutionListener@2cde0397, org.springframework.boot.test.autoconfigure.webservices.client.MockWebServiceServerTestExecutionListener@60483dcf, org.springframework.boot.test.mock.mockito.ResetMocksTestExecutionListener@308bd473]

  .   ____          _            __ _ _
 /\\ / ___'_ __ _ _(_)_ __  __ _ \ \ \ \
( ( )\___ | '_ | '_| | '_ \/ _` | \ \ \ \
 \\/  ___)| |_)| | | | | || (_| |  ) ) ) )
  '  |____| .__|_| |_|_| |_\__, | / / / /
 =========|_|==============|___/=/_/_/_/
 :: Spring Boot ::                (v2.7.9)

2023-03-16 15:37:42.248  INFO 16513 --- [    Test worker] y.s.r.l.c.LectureReviewControllerTest    : Starting LectureReviewControllerTest using Java 11.0.17 on gimminhoui-MacBookPro.local with PID 16513 (started by mino in /Users/mino/codestates/fork_seb42_main_027/server)
2023-03-16 15:37:42.248  INFO 16513 --- [    Test worker] y.s.r.l.c.LectureReviewControllerTest    : The following 1 profile is active: "server"
2023-03-16 15:37:42.633  WARN 16513 --- [    Test worker] .s.s.UserDetailsServiceAutoConfiguration : 

Using generated security password: b616f907-5c4f-48dd-b98f-133bd5b45b58

This generated password is for development use only. Your security configuration must be updated before running your application in production.

2023-03-16 15:37:42.654  INFO 16513 --- [    Test worker] o.s.s.web.DefaultSecurityFilterChain     : Will secure any request with [org.springframework.security.web.session.DisableEncodeUrlFilter@8c68f7f, org.springframework.security.web.context.request.async.WebAsyncManagerIntegrationFilter@77f21c0a, org.springframework.security.web.context.SecurityContextPersistenceFilter@26b3eb48, org.springframework.security.web.header.HeaderWriterFilter@1e512b3, org.springframework.security.web.authentication.logout.LogoutFilter@1159a049, org.springframework.security.web.savedrequest.RequestCacheAwareFilter@45db8ba6, org.springframework.security.web.servletapi.SecurityContextHolderAwareRequestFilter@6c826924, org.springframework.security.web.authentication.AnonymousAuthenticationFilter@10a199e0, org.springframework.security.web.session.SessionManagementFilter@a69c4c3, org.springframework.security.web.access.ExceptionTranslationFilter@493557d7]
2023-03-16 15:37:42.671  INFO 16513 --- [    Test worker] o.s.b.t.m.w.SpringBootMockServletContext : Initializing Spring TestDispatcherServlet ''
2023-03-16 15:37:42.671  INFO 16513 --- [    Test worker] o.s.t.web.servlet.TestDispatcherServlet  : Initializing Servlet ''
2023-03-16 15:37:42.671  INFO 16513 --- [    Test worker] o.s.t.web.servlet.TestDispatcherServlet  : Completed initialization in 0 ms
2023-03-16 15:37:42.675  INFO 16513 --- [    Test worker] y.s.r.l.c.LectureReviewControllerTest    : Started LectureReviewControllerTest in 0.446 seconds (JVM running for 7.244)
]]></system-out>
  <system-err><![CDATA[]]></system-err>
</testsuite>
