<?xml version="1.0" encoding="UTF-8"?>
<testsuite name="ynzmz.server.comment.review.lecture.controller.LectureReviewCommentControllerTest" tests="4" skipped="0" failures="0" errors="0" timestamp="2023-03-16T06:37:41" hostname="gimminhoui-MacBookPro.local" time="0.242">
  <properties/>
  <testcase name="리뷰 댓글 삭제 테스트" classname="ynzmz.server.comment.review.lecture.controller.LectureReviewCommentControllerTest" time="0.079"/>
  <testcase name="강의별 리뷰 댓글 전체조회 테스트" classname="ynzmz.server.comment.review.lecture.controller.LectureReviewCommentControllerTest" time="0.084"/>
  <testcase name="리뷰글 댓글 수정 테스트" classname="ynzmz.server.comment.review.lecture.controller.LectureReviewCommentControllerTest" time="0.055"/>
  <testcase name="리뷰글 댓글 등록 테스트" classname="ynzmz.server.comment.review.lecture.controller.LectureReviewCommentControllerTest" time="0.021"/>
  <system-out><![CDATA[2023-03-16 15:37:40.794  INFO 16513 --- [    Test worker] .b.t.a.w.s.WebMvcTestContextBootstrapper : Neither @ContextConfiguration nor @ContextHierarchy found for test class [ynzmz.server.comment.review.lecture.controller.LectureReviewCommentControllerTest], using SpringBootContextLoader
2023-03-16 15:37:40.795  INFO 16513 --- [    Test worker] o.s.t.c.support.AbstractContextLoader    : Could not detect default resource locations for test class [ynzmz.server.comment.review.lecture.controller.LectureReviewCommentControllerTest]: no resource found for suffixes {-context.xml, Context.groovy}.
2023-03-16 15:37:40.795  INFO 16513 --- [    Test worker] t.c.s.AnnotationConfigContextLoaderUtils : Could not detect default configuration classes for test class [ynzmz.server.comment.review.lecture.controller.LectureReviewCommentControllerTest]: LectureReviewCommentControllerTest does not declare any static, non-private, non-final, nested classes annotated with @Configuration.
2023-03-16 15:37:40.803  INFO 16513 --- [    Test worker] .b.t.c.SpringBootTestContextBootstrapper : Found @SpringBootConfiguration ynzmz.server.ServerApplication for test class ynzmz.server.comment.review.lecture.controller.LectureReviewCommentControllerTest
2023-03-16 15:37:40.804  INFO 16513 --- [    Test worker] .b.t.a.w.s.WebMvcTestContextBootstrapper : Loaded default TestExecutionListener class names from location [META-INF/spring.factories]: [org.springframework.security.test.context.support.WithSecurityContextTestExecutionListener, org.springframework.security.test.context.support.ReactorContextTestExecutionListener, org.springframework.boot.test.autoconfigure.restdocs.RestDocsTestExecutionListener, org.springframework.boot.test.autoconfigure.web.client.MockRestServiceServerResetTestExecutionListener, org.springframework.boot.test.autoconfigure.web.servlet.MockMvcPrintOnlyOnFailureTestExecutionListener, org.springframework.boot.test.autoconfigure.web.servlet.WebDriverTestExecutionListener, org.springframework.boot.test.autoconfigure.webservices.client.MockWebServiceServerTestExecutionListener, org.springframework.boot.test.mock.mockito.MockitoTestExecutionListener, org.springframework.boot.test.mock.mockito.ResetMocksTestExecutionListener, org.springframework.test.context.web.ServletTestExecutionListener, org.springframework.test.context.support.DirtiesContextBeforeModesTestExecutionListener, org.springframework.test.context.event.ApplicationEventsTestExecutionListener, org.springframework.test.context.support.DependencyInjectionTestExecutionListener, org.springframework.test.context.support.DirtiesContextTestExecutionListener, org.springframework.test.context.transaction.TransactionalTestExecutionListener, org.springframework.test.context.jdbc.SqlScriptsTestExecutionListener, org.springframework.test.context.event.EventPublishingTestExecutionListener]
2023-03-16 15:37:40.804  INFO 16513 --- [    Test worker] .b.t.a.w.s.WebMvcTestContextBootstrapper : Using TestExecutionListeners: [org.springframework.test.context.web.ServletTestExecutionListener@6deb2b19, org.springframework.test.context.support.DirtiesContextBeforeModesTestExecutionListener@6d86d1ad, org.springframework.test.context.event.ApplicationEventsTestExecutionListener@780e6b63, org.springframework.boot.test.mock.mockito.MockitoTestExecutionListener@51b1732d, org.springframework.boot.test.autoconfigure.SpringBootDependencyInjectionTestExecutionListener@65b639e1, org.springframework.test.context.support.DirtiesContextTestExecutionListener@3e668743, org.springframework.test.context.transaction.TransactionalTestExecutionListener@35b8b69f, org.springframework.test.context.jdbc.SqlScriptsTestExecutionListener@6fca831e, org.springframework.security.test.context.support.WithSecurityContextTestExecutionListener@3b67c637, org.springframework.test.context.event.EventPublishingTestExecutionListener@31b11287, org.springframework.security.test.context.support.ReactorContextTestExecutionListener@414d5660, org.springframework.boot.test.autoconfigure.restdocs.RestDocsTestExecutionListener@7aa4ef24, org.springframework.boot.test.autoconfigure.web.client.MockRestServiceServerResetTestExecutionListener@7f77d839, org.springframework.boot.test.autoconfigure.web.servlet.MockMvcPrintOnlyOnFailureTestExecutionListener@46ebd87a, org.springframework.boot.test.autoconfigure.web.servlet.WebDriverTestExecutionListener@6dbe6891, org.springframework.boot.test.autoconfigure.webservices.client.MockWebServiceServerTestExecutionListener@30be77cd, org.springframework.boot.test.mock.mockito.ResetMocksTestExecutionListener@71c9c7f3]

  .   ____          _            __ _ _
 /\\ / ___'_ __ _ _(_)_ __  __ _ \ \ \ \
( ( )\___ | '_ | '_| | '_ \/ _` | \ \ \ \
 \\/  ___)| |_)| | | | | || (_| |  ) ) ) )
  '  |____| .__|_| |_|_| |_\__, | / / / /
 =========|_|==============|___/=/_/_/_/
 :: Spring Boot ::                (v2.7.9)

2023-03-16 15:37:40.817  INFO 16513 --- [    Test worker] r.l.c.LectureReviewCommentControllerTest : Starting LectureReviewCommentControllerTest using Java 11.0.17 on gimminhoui-MacBookPro.local with PID 16513 (started by mino in /Users/mino/codestates/fork_seb42_main_027/server)
2023-03-16 15:37:40.817  INFO 16513 --- [    Test worker] r.l.c.LectureReviewCommentControllerTest : The following 1 profile is active: "server"
2023-03-16 15:37:41.152  WARN 16513 --- [    Test worker] .s.s.UserDetailsServiceAutoConfiguration : 

Using generated security password: dd31712b-b501-42fb-b977-e5732cd4b64e

This generated password is for development use only. Your security configuration must be updated before running your application in production.

2023-03-16 15:37:41.176  INFO 16513 --- [    Test worker] o.s.s.web.DefaultSecurityFilterChain     : Will secure any request with [org.springframework.security.web.session.DisableEncodeUrlFilter@194feb27, org.springframework.security.web.context.request.async.WebAsyncManagerIntegrationFilter@316745d8, org.springframework.security.web.context.SecurityContextPersistenceFilter@41d34a11, org.springframework.security.web.header.HeaderWriterFilter@9fe1e14, org.springframework.security.web.authentication.logout.LogoutFilter@757bbd02, org.springframework.security.web.savedrequest.RequestCacheAwareFilter@2a58d00a, org.springframework.security.web.servletapi.SecurityContextHolderAwareRequestFilter@53af65eb, org.springframework.security.web.authentication.AnonymousAuthenticationFilter@3df920, org.springframework.security.web.session.SessionManagementFilter@d4e17ec, org.springframework.security.web.access.ExceptionTranslationFilter@5cb6fac3]
2023-03-16 15:37:41.230  INFO 16513 --- [    Test worker] o.s.b.t.m.w.SpringBootMockServletContext : Initializing Spring TestDispatcherServlet ''
2023-03-16 15:37:41.231  INFO 16513 --- [    Test worker] o.s.t.web.servlet.TestDispatcherServlet  : Initializing Servlet ''
2023-03-16 15:37:41.231  INFO 16513 --- [    Test worker] o.s.t.web.servlet.TestDispatcherServlet  : Completed initialization in 0 ms
2023-03-16 15:37:41.241  INFO 16513 --- [    Test worker] r.l.c.LectureReviewCommentControllerTest : Started LectureReviewCommentControllerTest in 0.433 seconds (JVM running for 5.809)
]]></system-out>
  <system-err><![CDATA[]]></system-err>
</testsuite>
